{"meta": {"format": 3, "version": "7.13.4", "timestamp": "2026-03-16T01:28:39.749524", "branch_coverage": false, "show_contexts": false}, "files": {"app/__init__.py": {"executed_lines": [], "summary": {"covered_lines": 0, "num_statements": 0, "percent_covered": 100.0, "percent_covered_display": "100", "missing_lines": 0, "excluded_lines": 0, "percent_statements_covered": 100.0, "percent_statements_covered_display": "100"}, "missing_lines": [], "excluded_lines": [], "functions": {"": {"executed_lines": [], "summary": {"covered_lines": 0, "num_statements": 0, "percent_covered": 100.0, "percent_covered_display": "100", "missing_lines": 0, "excluded_lines": 0, "percent_statements_covered": 100.0, "percent_statements_covered_display": "100"}, "missing_lines": [], "excluded_lines": [], "start_line": 1}}, "classes": {"": {"executed_lines": [], "summary": {"covered_lines": 0, "num_statements": 0, "percent_covered": 100.0, "percent_covered_display": "100", "missing_lines": 0, "excluded_lines": 0, "percent_statements_covered": 100.0, "percent_statements_covered_display": "100"}, "missing_lines": [], "excluded_lines": [], "start_line": 1}}}, "app/config.py": {"executed_lines": [1, 2, 5, 7, 8, 9, 12, 15, 18, 19, 20, 22, 25, 26, 27], "summary": {"covered_lines": 15, "num_statements": 15, "percent_covered": 100.0, "percent_covered_display": "100", "missing_lines": 0, "excluded_lines": 0, "percent_statements_covered": 100.0, "percent_statements_covered_display": "100"}, "missing_lines": [], "excluded_lines": [], "functions": {"get_settings": {"executed_lines": [27], "summary": {"covered_lines": 1, "num_statements": 1, "percent_covered": 100.0, "percent_covered_display": "100", "missing_lines": 0, "excluded_lines": 0, "percent_statements_covered": 100.0, "percent_statements_covered_display": "100"}, "missing_lines": [], "excluded_lines": [], "start_line": 26}, "": {"executed_lines": [1, 2, 5, 7, 8, 9, 12, 15, 18, 19, 20, 22, 25, 26], "summary": {"covered_lines": 14, "num_statements": 14, "percent_covered": 100.0, "percent_covered_display": "100", "missing_lines": 0, "excluded_lines": 0, "percent_statements_covered": 100.0, "percent_statements_covered_display": "100"}, "missing_lines": [], "excluded_lines": [], "start_line": 1}}, "classes": {"Settings": {"executed_lines": [], "summary": {"covered_lines": 0, "num_statements": 0, "percent_covered": 100.0, "percent_covered_display": "100", "missing_lines": 0, "excluded_lines": 0, "percent_statements_covered": 100.0, "percent_statements_covered_display": "100"}, "missing_lines": [], "excluded_lines": [], "start_line": 5}, "": {"executed_lines": [1, 2, 5, 7, 8, 9, 12, 15, 18, 19, 20, 22, 25, 26, 27], "summary": {"covered_lines": 15, "num_statements": 15, "percent_covered": 100.0, "percent_covered_display": "100", "missing_lines": 0, "excluded_lines": 0, "percent_statements_covered": 100.0, "percent_statements_covered_display": "100"}, "missing_lines": [], "excluded_lines": [], "start_line": 1}}}, "app/dependencies.py": {"executed_lines": [3, 4, 6, 7, 12, 13, 16, 25, 39, 45, 46, 47, 52, 53, 54, 57, 58, 59, 60, 61, 62, 63, 64, 65, 66, 69, 70, 71, 78, 79, 81, 82, 87, 91, 92, 93], "summary": {"covered_lines": 36, "num_statements": 45, "percent_covered": 80.0, "percent_covered_display": "80", "missing_lines": 9, "excluded_lines": 0, "percent_statements_covered": 80.0, "percent_statements_covered_display": "80"}, "missing_lines": [19, 20, 21, 22, 28, 29, 30, 33, 84], "excluded_lines": [], "functions": {"get_supabase_client": {"executed_lines": [], "summary": {"covered_lines": 0, "num_statements": 4, "percent_covered": 0.0, "percent_covered_display": "0", "missing_lines": 4, "excluded_lines": 0, "percent_statements_covered": 0.0, "percent_statements_covered_display": "0"}, "missing_lines": [19, 20, 21, 22], "excluded_lines": [], "start_line": 16}, "get_service_client": {"executed_lines": [], "summary": {"covered_lines": 0, "num_statements": 4, "percent_covered": 0.0, "percent_covered_display": "0", "missing_lines": 4, "excluded_lines": 0, "percent_statements_covered": 0.0, "percent_statements_covered_display": "0"}, "missing_lines": [28, 29, 30, 33], "excluded_lines": [], "start_line": 25}, "get_current_user": {"executed_lines": [45, 46, 47, 52, 53, 54, 57, 58, 59, 60, 61, 62, 63, 64, 65, 66, 69, 70, 71, 78, 79, 81, 82], "summary": {"covered_lines": 23, "num_statements": 24, "percent_covered": 95.83333333333333, "percent_covered_display": "96", "missing_lines": 1, "excluded_lines": 0, "percent_statements_covered": 95.83333333333333, "percent_statements_covered_display": "96"}, "missing_lines": [84], "excluded_lines": [], "start_line": 39}, "require_admin": {"executed_lines": [91, 92, 93], "summary": {"covered_lines": 3, "num_statements": 3, "percent_covered": 100.0, "percent_covered_display": "100", "missing_lines": 0, "excluded_lines": 0, "percent_statements_covered": 100.0, "percent_statements_covered_display": "100"}, "missing_lines": [], "excluded_lines": [], "start_line": 87}, "": {"executed_lines": [3, 4, 6, 7, 12, 13, 16, 25, 39, 87], "summary": {"covered_lines": 10, "num_statements": 10, "percent_covered": 100.0, "percent_covered_display": "100", "missing_lines": 0, "excluded_lines": 0, "percent_statements_covered": 100.0, "percent_statements_covered_display": "100"}, "missing_lines": [], "excluded_lines": [], "start_line": 1}}, "classes": {"": {"executed_lines": [3, 4, 6, 7, 12, 13, 16, 25, 39, 45, 46, 47, 52, 53, 54, 57, 58, 59, 60, 61, 62, 63, 64, 65, 66, 69, 70, 71, 78, 79, 81, 82, 87, 91, 92, 93], "summary": {"covered_lines": 36, "num_statements": 45, "percent_covered": 80.0, "percent_covered_display": "80", "missing_lines": 9, "excluded_lines": 0, "percent_statements_covered": 80.0, "percent_statements_covered_display": "80"}, "missing_lines": [19, 20, 21, 22, 28, 29, 30, 33, 84], "excluded_lines": [], "start_line": 1}}}, "app/main.py": {"executed_lines": [1, 2, 4, 5, 7, 9, 15, 23, 24, 25, 26, 27, 28, 29, 32, 33], "summary": {"covered_lines": 16, "num_statements": 17, "percent_covered": 94.11764705882354, "percent_covered_display": "94", "missing_lines": 1, "excluded_lines": 0, "percent_statements_covered": 94.11764705882354, "percent_statements_covered_display": "94"}, "missing_lines": [34], "excluded_lines": [], "functions": {"health": {"executed_lines": [], "summary": {"covered_lines": 0, "num_statements": 1, "percent_covered": 0.0, "percent_covered_display": "0", "missing_lines": 1, "excluded_lines": 0, "percent_statements_covered": 0.0, "percent_statements_covered_display": "0"}, "missing_lines": [34], "excluded_lines": [], "start_line": 33}, "": {"executed_lines": [1, 2, 4, 5, 7, 9, 15, 23, 24, 25, 26, 27, 28, 29, 32, 33], "summary": {"covered_lines": 16, "num_statements": 16, "percent_covered": 100.0, "percent_covered_display": "100", "missing_lines": 0, "excluded_lines": 0, "percent_statements_covered": 100.0, "percent_statements_covered_display": "100"}, "missing_lines": [], "excluded_lines": [], "start_line": 1}}, "classes": {"": {"executed_lines": [1, 2, 4, 5, 7, 9, 15, 23, 24, 25, 26, 27, 28, 29, 32, 33], "summary": {"covered_lines": 16, "num_statements": 17, "percent_covered": 94.11764705882354, "percent_covered_display": "94", "missing_lines": 1, "excluded_lines": 0, "percent_statements_covered": 94.11764705882354, "percent_statements_covered_display": "94"}, "missing_lines": [34], "excluded_lines": [], "start_line": 1}}}, "app/mappings/__init__.py": {"executed_lines": [], "summary": {"covered_lines": 0, "num_statements": 0, "percent_covered": 100.0, "percent_covered_display": "100", "missing_lines": 0, "excluded_lines": 0, "percent_statements_covered": 100.0, "percent_statements_covered_display": "100"}, "missing_lines": [], "excluded_lines": [], "functions": {"": {"executed_lines": [], "summary": {"covered_lines": 0, "num_statements": 0, "percent_covered": 100.0, "percent_covered_display": "100", "missing_lines": 0, "excluded_lines": 0, "percent_statements_covered": 100.0, "percent_statements_covered_display": "100"}, "missing_lines": [], "excluded_lines": [], "start_line": 1}}, "classes": {"": {"executed_lines": [], "summary": {"covered_lines": 0, "num_statements": 0, "percent_covered": 100.0, "percent_covered_display": "100", "missing_lines": 0, "excluded_lines": 0, "percent_statements_covered": 100.0, "percent_statements_covered_display": "100"}, "missing_lines": [], "excluded_lines": [], "start_line": 1}}}, "app/mappings/cma_field_rows.py": {"executed_lines": [8, 62, 145], "summary": {"covered_lines": 3, "num_statements": 3, "percent_covered": 100.0, "percent_covered_display": "100", "missing_lines": 0, "excluded_lines": 0, "percent_statements_covered": 100.0, "percent_statements_covered_display": "100"}, "missing_lines": [], "excluded_lines": [], "functions": {"": {"executed_lines": [8, 62, 145], "summary": {"covered_lines": 3, "num_statements": 3, "percent_covered": 100.0, "percent_covered_display": "100", "missing_lines": 0, "excluded_lines": 0, "percent_statements_covered": 100.0, "percent_statements_covered_display": "100"}, "missing_lines": [], "excluded_lines": [], "start_line": 1}}, "classes": {"": {"executed_lines": [8, 62, 145], "summary": {"covered_lines": 3, "num_statements": 3, "percent_covered": 100.0, "percent_covered_display": "100", "missing_lines": 0, "excluded_lines": 0, "percent_statements_covered": 100.0, "percent_statements_covered_display": "100"}, "missing_lines": [], "excluded_lines": [], "start_line": 1}}}, "app/mappings/year_columns.py": {"executed_lines": [3], "summary": {"covered_lines": 1, "num_statements": 1, "percent_covered": 100.0, "percent_covered_display": "100", "missing_lines": 0, "excluded_lines": 0, "percent_statements_covered": 100.0, "percent_statements_covered_display": "100"}, "missing_lines": [], "excluded_lines": [], "functions": {"": {"executed_lines": [3], "summary": {"covered_lines": 1, "num_statements": 1, "percent_covered": 100.0, "percent_covered_display": "100", "missing_lines": 0, "excluded_lines": 0, "percent_statements_covered": 100.0, "percent_statements_covered_display": "100"}, "missing_lines": [], "excluded_lines": [], "start_line": 1}}, "classes": {"": {"executed_lines": [3], "summary": {"covered_lines": 1, "num_statements": 1, "percent_covered": 100.0, "percent_covered_display": "100", "missing_lines": 0, "excluded_lines": 0, "percent_statements_covered": 100.0, "percent_statements_covered_display": "100"}, "missing_lines": [], "excluded_lines": [], "start_line": 1}}}, "app/models/__init__.py": {"executed_lines": [], "summary": {"covered_lines": 0, "num_statements": 0, "percent_covered": 100.0, "percent_covered_display": "100", "missing_lines": 0, "excluded_lines": 0, "percent_statements_covered": 100.0, "percent_statements_covered_display": "100"}, "missing_lines": [], "excluded_lines": [], "functions": {"": {"executed_lines": [], "summary": {"covered_lines": 0, "num_statements": 0, "percent_covered": 100.0, "percent_covered_display": "100", "missing_lines": 0, "excluded_lines": 0, "percent_statements_covered": 100.0, "percent_statements_covered_display": "100"}, "missing_lines": [], "excluded_lines": [], "start_line": 1}}, "classes": {"": {"executed_lines": [], "summary": {"covered_lines": 0, "num_statements": 0, "percent_covered": 100.0, "percent_covered_display": "100", "missing_lines": 0, "excluded_lines": 0, "percent_statements_covered": 100.0, "percent_statements_covered_display": "100"}, "missing_lines": [], "excluded_lines": [], "start_line": 1}}}, "app/models/ai_schemas.py": {"executed_lines": [7, 9, 11, 14, 17, 18, 19, 22, 25, 26, 29, 36, 37, 40, 43], "summary": {"covered_lines": 15, "num_statements": 15, "percent_covered": 100.0, "percent_covered_display": "100", "missing_lines": 0, "excluded_lines": 0, "percent_statements_covered": 100.0, "percent_statements_covered_display": "100"}, "missing_lines": [], "excluded_lines": [], "functions": {"": {"executed_lines": [7, 9, 11, 14, 17, 18, 19, 22, 25, 26, 29, 36, 37, 40, 43], "summary": {"covered_lines": 15, "num_statements": 15, "percent_covered": 100.0, "percent_covered_display": "100", "missing_lines": 0, "excluded_lines": 0, "percent_statements_covered": 100.0, "percent_statements_covered_display": "100"}, "missing_lines": [], "excluded_lines": [], "start_line": 1}}, "classes": {"ClassificationCandidate": {"executed_lines": [], "summary": {"covered_lines": 0, "num_statements": 0, "percent_covered": 100.0, "percent_covered_display": "100", "missing_lines": 0, "excluded_lines": 0, "percent_statements_covered": 100.0, "percent_statements_covered_display": "100"}, "missing_lines": [], "excluded_lines": [], "start_line": 14}, "AIClassificationResponse": {"executed_lines": [], "summary": {"covered_lines": 0, "num_statements": 0, "percent_covered": 100.0, "percent_covered_display": "100", "missing_lines": 0, "excluded_lines": 0, "percent_statements_covered": 100.0, "percent_statements_covered_display": "100"}, "missing_lines": [], "excluded_lines": [], "start_line": 29}, "": {"executed_lines": [7, 9, 11, 14, 17, 18, 19, 22, 25, 26, 29, 36, 37, 40, 43], "summary": {"covered_lines": 15, "num_statements": 15, "percent_covered": 100.0, "percent_covered_display": "100", "missing_lines": 0, "excluded_lines": 0, "percent_statements_covered": 100.0, "percent_statements_covered_display": "100"}, "missing_lines": [], "excluded_lines": [], "start_line": 1}}}, "app/models/schemas.py": {"executed_lines": [3, 4, 6, 10, 11, 19, 20, 22, 28, 29, 30, 33, 34, 35, 36, 37, 40, 41, 42, 43, 44, 45, 48, 49, 50, 51, 57, 60, 61, 62, 63, 64, 65, 68, 69, 70, 71, 72, 73, 76, 77, 78, 79, 80, 81, 82, 83, 84, 85, 91, 92, 93, 94, 95, 96, 97, 98, 99, 100, 101, 102, 108, 109, 110, 111, 112, 113, 114, 115, 118, 119, 120, 121, 124, 127, 128, 129, 130, 131, 134, 135, 136, 137, 142, 145, 150, 153, 154, 155, 156, 157, 158, 159, 160, 161, 162, 163, 164, 165, 166, 167, 168, 169, 170, 171, 172, 174, 175, 178, 179, 182, 183, 184, 185, 186, 187, 190, 193, 196, 197, 198, 201, 202, 203, 204, 207, 208, 209, 210, 211, 217, 218, 219, 222, 223, 224, 225, 226, 227, 228, 229, 230, 231, 234, 235, 236, 237, 238, 239, 240, 243, 244, 245, 246, 247, 248, 249, 255, 256, 257, 258, 261, 262, 263], "summary": {"covered_lines": 164, "num_statements": 164, "percent_covered": 100.0, "percent_covered_display": "100", "missing_lines": 0, "excluded_lines": 0, "percent_statements_covered": 100.0, "percent_statements_covered_display": "100"}, "missing_lines": [], "excluded_lines": [], "functions": {"": {"executed_lines": [3, 4, 6, 10, 11, 19, 20, 22, 28, 29, 30, 33, 34, 35, 36, 37, 40, 41, 42, 43, 44, 45, 48, 49, 50, 51, 57, 60, 61, 62, 63, 64, 65, 68, 69, 70, 71, 72, 73, 76, 77, 78, 79, 80, 81, 82, 83, 84, 85, 91, 92, 93, 94, 95, 96, 97, 98, 99, 100, 101, 102, 108, 109, 110, 111, 112, 113, 114, 115, 118, 119, 120, 121, 124, 127, 128, 129, 130, 131, 134, 135, 136, 137, 142, 145, 150, 153, 154, 155, 156, 157, 158, 159, 160, 161, 162, 163, 164, 165, 166, 167, 168, 169, 170, 171, 172, 174, 175, 178, 179, 182, 183, 184, 185, 186, 187, 190, 193, 196, 197, 198, 201, 202, 203, 204, 207, 208, 209, 210, 211, 217, 218, 219, 222, 223, 224, 225, 226, 227, 228, 229, 230, 231, 234, 235, 236, 237, 238, 239, 240, 243, 244, 245, 246, 247, 248, 249, 255, 256, 257, 258, 261, 262, 263], "summary": {"covered_lines": 164, "num_statements": 164, "percent_covered": 100.0, "percent_covered_display": "100", "missing_lines": 0, "excluded_lines": 0, "percent_statements_covered": 100.0, "percent_statements_covered_display": "100"}, "missing_lines": [], "excluded_lines": [], "start_line": 1}}, "classes": {"LoginRequest": {"executed_lines": [], "summary": {"covered_lines": 0, "num_statements": 0, "percent_covered": 100.0, "percent_covered_display": "100", "missing_lines": 0, "excluded_lines": 0, "percent_statements_covered": 100.0, "percent_statements_covered_display": "100"}, "missing_lines": [], "excluded_lines": [], "start_line": 28}, "RegisterRequest": {"executed_lines": [], "summary": {"covered_lines": 0, "num_statements": 0, "percent_covered": 100.0, "percent_covered_display": "100", "missing_lines": 0, "excluded_lines": 0, "percent_statements_covered": 100.0, "percent_statements_covered_display": "100"}, "missing_lines": [], "excluded_lines": [], "start_line": 33}, "UserProfile": {"executed_lines": [], "summary": {"covered_lines": 0, "num_statements": 0, "percent_covered": 100.0, "percent_covered_display": "100", "missing_lines": 0, "excluded_lines": 0, "percent_statements_covered": 100.0, "percent_statements_covered_display": "100"}, "missing_lines": [], "excluded_lines": [], "start_line": 40}, "AuthResponse": {"executed_lines": [], "summary": {"covered_lines": 0, "num_statements": 0, "percent_covered": 100.0, "percent_covered_display": "100", "missing_lines": 0, "excluded_lines": 0, "percent_statements_covered": 100.0, "percent_statements_covered_display": "100"}, "missing_lines": [], "excluded_lines": [], "start_line": 48}, "ClientCreate": {"executed_lines": [], "summary": {"covered_lines": 0, "num_statements": 0, "percent_covered": 100.0, "percent_covered_display": "100", "missing_lines": 0, "excluded_lines": 0, "percent_statements_covered": 100.0, "percent_statements_covered_display": "100"}, "missing_lines": [], "excluded_lines": [], "start_line": 60}, "ClientUpdate": {"executed_lines": [], "summary": {"covered_lines": 0, "num_statements": 0, "percent_covered": 100.0, "percent_covered_display": "100", "missing_lines": 0, "excluded_lines": 0, "percent_statements_covered": 100.0, "percent_statements_covered_display": "100"}, "missing_lines": [], "excluded_lines": [], "start_line": 68}, "ClientResponse": {"executed_lines": [], "summary": {"covered_lines": 0, "num_statements": 0, "percent_covered": 100.0, "percent_covered_display": "100", "missing_lines": 0, "excluded_lines": 0, "percent_statements_covered": 100.0, "percent_statements_covered_display": "100"}, "missing_lines": [], "excluded_lines": [], "start_line": 76}, "DocumentResponse": {"executed_lines": [], "summary": {"covered_lines": 0, "num_statements": 0, "percent_covered": 100.0, "percent_covered_display": "100", "missing_lines": 0, "excluded_lines": 0, "percent_statements_covered": 100.0, "percent_statements_covered_display": "100"}, "missing_lines": [], "excluded_lines": [], "start_line": 91}, "LineItemResponse": {"executed_lines": [], "summary": {"covered_lines": 0, "num_statements": 0, "percent_covered": 100.0, "percent_covered_display": "100", "missing_lines": 0, "excluded_lines": 0, "percent_statements_covered": 100.0, "percent_statements_covered_display": "100"}, "missing_lines": [], "excluded_lines": [], "start_line": 108}, "LineItemUpdate": {"executed_lines": [], "summary": {"covered_lines": 0, "num_statements": 0, "percent_covered": 100.0, "percent_covered_display": "100", "missing_lines": 0, "excluded_lines": 0, "percent_statements_covered": 100.0, "percent_statements_covered_display": "100"}, "missing_lines": [], "excluded_lines": [], "start_line": 118}, "TaskStatusResponse": {"executed_lines": [], "summary": {"covered_lines": 0, "num_statements": 0, "percent_covered": 100.0, "percent_covered_display": "100", "missing_lines": 0, "excluded_lines": 0, "percent_statements_covered": 100.0, "percent_statements_covered_display": "100"}, "missing_lines": [], "excluded_lines": [], "start_line": 127}, "ExtractionTriggerResponse": {"executed_lines": [], "summary": {"covered_lines": 0, "num_statements": 0, "percent_covered": 100.0, "percent_covered_display": "100", "missing_lines": 0, "excluded_lines": 0, "percent_statements_covered": 100.0, "percent_statements_covered_display": "100"}, "missing_lines": [], "excluded_lines": [], "start_line": 134}, "ClassificationResponse": {"executed_lines": [], "summary": {"covered_lines": 0, "num_statements": 0, "percent_covered": 100.0, "percent_covered_display": "100", "missing_lines": 0, "excluded_lines": 0, "percent_statements_covered": 100.0, "percent_statements_covered_display": "100"}, "missing_lines": [], "excluded_lines": [], "start_line": 150}, "ClassificationApproveRequest": {"executed_lines": [], "summary": {"covered_lines": 0, "num_statements": 0, "percent_covered": 100.0, "percent_covered_display": "100", "missing_lines": 0, "excluded_lines": 0, "percent_statements_covered": 100.0, "percent_statements_covered_display": "100"}, "missing_lines": [], "excluded_lines": [], "start_line": 178}, "ClassificationCorrectRequest": {"executed_lines": [], "summary": {"covered_lines": 0, "num_statements": 0, "percent_covered": 100.0, "percent_covered_display": "100", "missing_lines": 0, "excluded_lines": 0, "percent_statements_covered": 100.0, "percent_statements_covered_display": "100"}, "missing_lines": [], "excluded_lines": [], "start_line": 182}, "BulkApproveRequest": {"executed_lines": [], "summary": {"covered_lines": 0, "num_statements": 0, "percent_covered": 100.0, "percent_covered_display": "100", "missing_lines": 0, "excluded_lines": 0, "percent_statements_covered": 100.0, "percent_statements_covered_display": "100"}, "missing_lines": [], "excluded_lines": [], "start_line": 190}, "BulkApproveResponse": {"executed_lines": [], "summary": {"covered_lines": 0, "num_statements": 0, "percent_covered": 100.0, "percent_covered_display": "100", "missing_lines": 0, "excluded_lines": 0, "percent_statements_covered": 100.0, "percent_statements_covered_display": "100"}, "missing_lines": [], "excluded_lines": [], "start_line": 196}, "ClassificationTriggerResponse": {"executed_lines": [], "summary": {"covered_lines": 0, "num_statements": 0, "percent_covered": 100.0, "percent_covered_display": "100", "missing_lines": 0, "excluded_lines": 0, "percent_statements_covered": 100.0, "percent_statements_covered_display": "100"}, "missing_lines": [], "excluded_lines": [], "start_line": 201}, "ClassificationSummary": {"executed_lines": [], "summary": {"covered_lines": 0, "num_statements": 0, "percent_covered": 100.0, "percent_covered_display": "100", "missing_lines": 0, "excluded_lines": 0, "percent_statements_covered": 100.0, "percent_statements_covered_display": "100"}, "missing_lines": [], "excluded_lines": [], "start_line": 207}, "CMAReportCreate": {"executed_lines": [], "summary": {"covered_lines": 0, "num_statements": 0, "percent_covered": 100.0, "percent_covered_display": "100", "missing_lines": 0, "excluded_lines": 0, "percent_statements_covered": 100.0, "percent_statements_covered_display": "100"}, "missing_lines": [], "excluded_lines": [], "start_line": 217}, "CMAReportResponse": {"executed_lines": [], "summary": {"covered_lines": 0, "num_statements": 0, "percent_covered": 100.0, "percent_covered_display": "100", "missing_lines": 0, "excluded_lines": 0, "percent_statements_covered": 100.0, "percent_statements_covered_display": "100"}, "missing_lines": [], "excluded_lines": [], "start_line": 222}, "ConfidenceSummary": {"executed_lines": [], "summary": {"covered_lines": 0, "num_statements": 0, "percent_covered": 100.0, "percent_covered_display": "100", "missing_lines": 0, "excluded_lines": 0, "percent_statements_covered": 100.0, "percent_statements_covered_display": "100"}, "missing_lines": [], "excluded_lines": [], "start_line": 234}, "AuditEntry": {"executed_lines": [], "summary": {"covered_lines": 0, "num_statements": 0, "percent_covered": 100.0, "percent_covered_display": "100", "missing_lines": 0, "excluded_lines": 0, "percent_statements_covered": 100.0, "percent_statements_covered_display": "100"}, "missing_lines": [], "excluded_lines": [], "start_line": 243}, "GenerateTriggerResponse": {"executed_lines": [], "summary": {"covered_lines": 0, "num_statements": 0, "percent_covered": 100.0, "percent_covered_display": "100", "missing_lines": 0, "excluded_lines": 0, "percent_statements_covered": 100.0, "percent_statements_covered_display": "100"}, "missing_lines": [], "excluded_lines": [], "start_line": 255}, "DownloadUrlResponse": {"executed_lines": [], "summary": {"covered_lines": 0, "num_statements": 0, "percent_covered": 100.0, "percent_covered_display": "100", "missing_lines": 0, "excluded_lines": 0, "percent_statements_covered": 100.0, "percent_statements_covered_display": "100"}, "missing_lines": [], "excluded_lines": [], "start_line": 261}, "": {"executed_lines": [3, 4, 6, 10, 11, 19, 20, 22, 28, 29, 30, 33, 34, 35, 36, 37, 40, 41, 42, 43, 44, 45, 48, 49, 50, 51, 57, 60, 61, 62, 63, 64, 65, 68, 69, 70, 71, 72, 73, 76, 77, 78, 79, 80, 81, 82, 83, 84, 85, 91, 92, 93, 94, 95, 96, 97, 98, 99, 100, 101, 102, 108, 109, 110, 111, 112, 113, 114, 115, 118, 119, 120, 121, 124, 127, 128, 129, 130, 131, 134, 135, 136, 137, 142, 145, 150, 153, 154, 155, 156, 157, 158, 159, 160, 161, 162, 163, 164, 165, 166, 167, 168, 169, 170, 171, 172, 174, 175, 178, 179, 182, 183, 184, 185, 186, 187, 190, 193, 196, 197, 198, 201, 202, 203, 204, 207, 208, 209, 210, 211, 217, 218, 219, 222, 223, 224, 225, 226, 227, 228, 229, 230, 231, 234, 235, 236, 237, 238, 239, 240, 243, 244, 245, 246, 247, 248, 249, 255, 256, 257, 258, 261, 262, 263], "summary": {"covered_lines": 164, "num_statements": 164, "percent_covered": 100.0, "percent_covered_display": "100", "missing_lines": 0, "excluded_lines": 0, "percent_statements_covered": 100.0, "percent_statements_covered_display": "100"}, "missing_lines": [], "excluded_lines": [], "start_line": 1}}}, "app/routers/__init__.py": {"executed_lines": [], "summary": {"covered_lines": 0, "num_statements": 0, "percent_covered": 100.0, "percent_covered_display": "100", "missing_lines": 0, "excluded_lines": 0, "percent_statements_covered": 100.0, "percent_statements_covered_display": "100"}, "missing_lines": [], "excluded_lines": [], "functions": {"": {"executed_lines": [], "summary": {"covered_lines": 0, "num_statements": 0, "percent_covered": 100.0, "percent_covered_display": "100", "missing_lines": 0, "excluded_lines": 0, "percent_statements_covered": 100.0, "percent_statements_covered_display": "100"}, "missing_lines": [], "excluded_lines": [], "start_line": 1}}, "classes": {"": {"executed_lines": [], "summary": {"covered_lines": 0, "num_statements": 0, "percent_covered": 100.0, "percent_covered_display": "100", "missing_lines": 0, "excluded_lines": 0, "percent_statements_covered": 100.0, "percent_statements_covered_display": "100"}, "missing_lines": [], "excluded_lines": [], "start_line": 1}}}, "app/routers/auth.py": {"executed_lines": [3, 5, 6, 8, 11, 12, 14, 15, 16, 19, 20, 22, 26, 27, 35, 38, 44, 45, 53, 55, 56, 67, 79, 82, 85, 86, 93, 94, 98], "summary": {"covered_lines": 29, "num_statements": 35, "percent_covered": 82.85714285714286, "percent_covered_display": "83", "missing_lines": 6, "excluded_lines": 0, "percent_statements_covered": 82.85714285714286, "percent_statements_covered_display": "83"}, "missing_lines": [23, 36, 63, 64, 80, 90], "excluded_lines": [], "functions": {"login": {"executed_lines": [14, 15, 16, 19, 20, 22, 26, 27, 35, 38], "summary": {"covered_lines": 10, "num_statements": 12, "percent_covered": 83.33333333333333, "percent_covered_display": "83", "missing_lines": 2, "excluded_lines": 0, "percent_statements_covered": 83.33333333333333, "percent_statements_covered_display": "83"}, "missing_lines": [23, 36], "excluded_lines": [], "start_line": 12}, "register": {"executed_lines": [53, 55, 56, 67, 79, 82], "summary": {"covered_lines": 6, "num_statements": 9, "percent_covered": 66.66666666666667, "percent_covered_display": "67", "missing_lines": 3, "excluded_lines": 0, "percent_statements_covered": 66.66666666666667, "percent_statements_covered_display": "67"}, "missing_lines": [63, 64, 80], "excluded_lines": [], "start_line": 45}, "logout": {"executed_lines": [], "summary": {"covered_lines": 0, "num_statements": 1, "percent_covered": 0.0, "percent_covered_display": "0", "missing_lines": 1, "excluded_lines": 0, "percent_statements_covered": 0.0, "percent_statements_covered_display": "0"}, "missing_lines": [90], "excluded_lines": [], "start_line": 86}, "get_profile": {"executed_lines": [98], "summary": {"covered_lines": 1, "num_statements": 1, "percent_covered": 100.0, "percent_covered_display": "100", "missing_lines": 0, "excluded_lines": 0, "percent_statements_covered": 100.0, "percent_statements_covered_display": "100"}, "missing_lines": [], "excluded_lines": [], "start_line": 94}, "": {"executed_lines": [3, 5, 6, 8, 11, 12, 44, 45, 85, 86, 93, 94], "summary": {"covered_lines": 12, "num_statements": 12, "percent_covered": 100.0, "percent_covered_display": "100", "missing_lines": 0, "excluded_lines": 0, "percent_statements_covered": 100.0, "percent_statements_covered_display": "100"}, "missing_lines": [], "excluded_lines": [], "start_line": 1}}, "classes": {"": {"executed_lines": [3, 5, 6, 8, 11, 12, 14, 15, 16, 19, 20, 22, 26, 27, 35, 38, 44, 45, 53, 55, 56, 67, 79, 82, 85, 86, 93, 94, 98], "summary": {"covered_lines": 29, "num_statements": 35, "percent_covered": 82.85714285714286, "percent_covered_display": "83", "missing_lines": 6, "excluded_lines": 0, "percent_statements_covered": 82.85714285714286, "percent_statements_covered_display": "83"}, "missing_lines": [23, 36, 63, 64, 80, 90], "excluded_lines": [], "start_line": 1}}}, "app/routers/classification.py": {"executed_lines": [14, 16, 18, 19, 20, 22, 23, 32, 33, 34, 37, 39, 41, 47, 52, 61, 63, 64, 65, 66, 68, 70, 76, 86, 90, 95, 97, 98, 100, 101, 103, 111, 117, 121, 126, 128, 129, 131, 132, 134, 143, 149, 153, 159, 160, 163, 166, 168, 169, 175, 181, 185, 191, 192, 195, 197, 199, 200, 207, 213, 217, 223, 225, 226, 228, 229, 235, 244, 246, 247, 257, 258, 260, 263, 269, 270, 280, 283, 285, 286, 296, 299, 303, 306, 308, 314, 317, 319, 320, 326, 327, 328], "summary": {"covered_lines": 92, "num_statements": 103, "percent_covered": 89.32038834951456, "percent_covered_display": "89", "missing_lines": 11, "excluded_lines": 0, "percent_statements_covered": 89.32038834951456, "percent_statements_covered_display": "89"}, "missing_lines": [254, 255, 277, 278, 281, 293, 294, 297, 329, 330, 331], "excluded_lines": [], "functions": {"trigger_classification": {"executed_lines": [61, 63, 64, 65, 66, 68, 70, 76], "summary": {"covered_lines": 8, "num_statements": 8, "percent_covered": 100.0, "percent_covered_display": "100", "missing_lines": 0, "excluded_lines": 0, "percent_statements_covered": 100.0, "percent_statements_covered_display": "100"}, "missing_lines": [], "excluded_lines": [], "start_line": 52}, "get_classifications": {"executed_lines": [95, 97, 98, 100, 101, 103, 111], "summary": {"covered_lines": 7, "num_statements": 7, "percent_covered": 100.0, "percent_covered_display": "100", "missing_lines": 0, "excluded_lines": 0, "percent_statements_covered": 100.0, "percent_statements_covered_display": "100"}, "missing_lines": [], "excluded_lines": [], "start_line": 90}, "get_doubts": {"executed_lines": [126, 128, 129, 131, 132, 134, 143], "summary": {"covered_lines": 7, "num_statements": 7, "percent_covered": 100.0, "percent_covered_display": "100", "missing_lines": 0, "excluded_lines": 0, "percent_statements_covered": 100.0, "percent_statements_covered_display": "100"}, "missing_lines": [], "excluded_lines": [], "start_line": 121}, "approve_classification": {"executed_lines": [159, 160, 163, 166, 168, 169, 175], "summary": {"covered_lines": 7, "num_statements": 7, "percent_covered": 100.0, "percent_covered_display": "100", "missing_lines": 0, "excluded_lines": 0, "percent_statements_covered": 100.0, "percent_statements_covered_display": "100"}, "missing_lines": [], "excluded_lines": [], "start_line": 153}, "correct_classification": {"executed_lines": [191, 192, 195, 197, 199, 200, 207], "summary": {"covered_lines": 7, "num_statements": 7, "percent_covered": 100.0, "percent_covered_display": "100", "missing_lines": 0, "excluded_lines": 0, "percent_statements_covered": 100.0, "percent_statements_covered_display": "100"}, "missing_lines": [], "excluded_lines": [], "start_line": 185}, "bulk_approve": {"executed_lines": [223, 225, 226, 228, 229, 235], "summary": {"covered_lines": 6, "num_statements": 6, "percent_covered": 100.0, "percent_covered_display": "100", "missing_lines": 0, "excluded_lines": 0, "percent_statements_covered": 100.0, "percent_statements_covered_display": "100"}, "missing_lines": [], "excluded_lines": [], "start_line": 217}, "_get_classification_or_404": {"executed_lines": [246, 247, 257, 258, 260], "summary": {"covered_lines": 5, "num_statements": 7, "percent_covered": 71.42857142857143, "percent_covered_display": "71", "missing_lines": 2, "excluded_lines": 0, "percent_statements_covered": 71.42857142857143, "percent_statements_covered_display": "71"}, "missing_lines": [254, 255], "excluded_lines": [], "start_line": 244}, "_verify_classification_owner": {"executed_lines": [269, 270, 280, 283, 285, 286, 296, 299, 303], "summary": {"covered_lines": 9, "num_statements": 15, "percent_covered": 60.0, "percent_covered_display": "60", "missing_lines": 6, "excluded_lines": 0, "percent_statements_covered": 60.0, "percent_statements_covered_display": "60"}, "missing_lines": [277, 278, 281, 293, 294, 297], "excluded_lines": [], "start_line": 263}, "_get_document_item_ids": {"executed_lines": [308, 314], "summary": {"covered_lines": 2, "num_statements": 2, "percent_covered": 100.0, "percent_covered_display": "100", "missing_lines": 0, "excluded_lines": 0, "percent_statements_covered": 100.0, "percent_statements_covered_display": "100"}, "missing_lines": [], "excluded_lines": [], "start_line": 306}, "_get_industry_type": {"executed_lines": [319, 320, 326, 327, 328], "summary": {"covered_lines": 5, "num_statements": 8, "percent_covered": 62.5, "percent_covered_display": "62", "missing_lines": 3, "excluded_lines": 0, "percent_statements_covered": 62.5, "percent_statements_covered_display": "62"}, "missing_lines": [329, 330, 331], "excluded_lines": [], "start_line": 317}, "": {"executed_lines": [14, 16, 18, 19, 20, 22, 23, 32, 33, 34, 37, 39, 41, 47, 52, 86, 90, 117, 121, 149, 153, 181, 185, 213, 217, 244, 263, 306, 317], "summary": {"covered_lines": 29, "num_statements": 29, "percent_covered": 100.0, "percent_covered_display": "100", "missing_lines": 0, "excluded_lines": 0, "percent_statements_covered": 100.0, "percent_statements_covered_display": "100"}, "missing_lines": [], "excluded_lines": [], "start_line": 1}}, "classes": {"": {"executed_lines": [14, 16, 18, 19, 20, 22, 23, 32, 33, 34, 37, 39, 41, 47, 52, 61, 63, 64, 65, 66, 68, 70, 76, 86, 90, 95, 97, 98, 100, 101, 103, 111, 117, 121, 126, 128, 129, 131, 132, 134, 143, 149, 153, 159, 160, 163, 166, 168, 169, 175, 181, 185, 191, 192, 195, 197, 199, 200, 207, 213, 217, 223, 225, 226, 228, 229, 235, 244, 246, 247, 257, 258, 260, 263, 269, 270, 280, 283, 285, 286, 296, 299, 303, 306, 308, 314, 317, 319, 320, 326, 327, 328], "summary": {"covered_lines": 92, "num_statements": 103, "percent_covered": 89.32038834951456, "percent_covered_display": "89", "missing_lines": 11, "excluded_lines": 0, "percent_statements_covered": 89.32038834951456, "percent_statements_covered_display": "89"}, "missing_lines": [254, 255, 277, 278, 281, 293, 294, 297, 329, 330, 331], "excluded_lines": [], "start_line": 1}}}, "app/routers/clients.py": {"executed_lines": [3, 4, 6, 7, 9, 12, 13, 19, 20, 22, 23, 24, 25, 27, 28, 31, 32, 37, 38, 44, 47, 50, 51, 56, 58, 59, 70, 71, 73, 76, 77, 83, 84, 85, 87, 88, 95, 98, 101, 102, 107, 108, 110, 111, 113], "summary": {"covered_lines": 45, "num_statements": 49, "percent_covered": 91.83673469387755, "percent_covered_display": "92", "missing_lines": 4, "excluded_lines": 0, "percent_statements_covered": 91.83673469387755, "percent_statements_covered_display": "92"}, "missing_lines": [45, 66, 68, 96], "excluded_lines": [], "functions": {"list_clients": {"executed_lines": [19, 20, 22, 23, 24, 25, 27, 28], "summary": {"covered_lines": 8, "num_statements": 8, "percent_covered": 100.0, "percent_covered_display": "100", "missing_lines": 0, "excluded_lines": 0, "percent_statements_covered": 100.0, "percent_statements_covered_display": "100"}, "missing_lines": [], "excluded_lines": [], "start_line": 13}, "create_client": {"executed_lines": [37, 38, 44, 47], "summary": {"covered_lines": 4, "num_statements": 5, "percent_covered": 80.0, "percent_covered_display": "80", "missing_lines": 1, "excluded_lines": 0, "percent_statements_covered": 80.0, "percent_statements_covered_display": "80"}, "missing_lines": [45], "excluded_lines": [], "start_line": 32}, "get_client": {"executed_lines": [56, 58, 59, 70, 71, 73], "summary": {"covered_lines": 6, "num_statements": 8, "percent_covered": 75.0, "percent_covered_display": "75", "missing_lines": 2, "excluded_lines": 0, "percent_statements_covered": 75.0, "percent_statements_covered_display": "75"}, "missing_lines": [66, 68], "excluded_lines": [], "start_line": 51}, "update_client": {"executed_lines": [83, 84, 85, 87, 88, 95, 98], "summary": {"covered_lines": 7, "num_statements": 8, "percent_covered": 87.5, "percent_covered_display": "88", "missing_lines": 1, "excluded_lines": 0, "percent_statements_covered": 87.5, "percent_statements_covered_display": "88"}, "missing_lines": [96], "excluded_lines": [], "start_line": 77}, "delete_client": {"executed_lines": [107, 108, 110, 111, 113], "summary": {"covered_lines": 5, "num_statements": 5, "percent_covered": 100.0, "percent_covered_display": "100", "missing_lines": 0, "excluded_lines": 0, "percent_statements_covered": 100.0, "percent_statements_covered_display": "100"}, "missing_lines": [], "excluded_lines": [], "start_line": 102}, "": {"executed_lines": [3, 4, 6, 7, 9, 12, 13, 31, 32, 50, 51, 76, 77, 101, 102], "summary": {"covered_lines": 15, "num_statements": 15, "percent_covered": 100.0, "percent_covered_display": "100", "missing_lines": 0, "excluded_lines": 0, "percent_statements_covered": 100.0, "percent_statements_covered_display": "100"}, "missing_lines": [], "excluded_lines": [], "start_line": 1}}, "classes": {"": {"executed_lines": [3, 4, 6, 7, 9, 12, 13, 19, 20, 22, 23, 24, 25, 27, 28, 31, 32, 37, 38, 44, 47, 50, 51, 56, 58, 59, 70, 71, 73, 76, 77, 83, 84, 85, 87, 88, 95, 98, 101, 102, 107, 108, 110, 111, 113], "summary": {"covered_lines": 45, "num_statements": 49, "percent_covered": 91.83673469387755, "percent_covered_display": "92", "missing_lines": 4, "excluded_lines": 0, "percent_statements_covered": 91.83673469387755, "percent_statements_covered_display": "92"}, "missing_lines": [45, 66, 68, 96], "excluded_lines": [], "start_line": 1}}}, "app/routers/cma_reports.py": {"executed_lines": [16, 18, 20, 21, 23, 25, 26, 27, 37, 39, 40, 43, 44, 46, 48, 54, 56, 57, 67, 68, 70, 73, 75, 76, 86, 89, 90, 91, 93, 96, 98, 99, 101, 107, 113, 118, 124, 127, 130, 136, 139, 140, 141, 148, 149, 150, 156, 157, 158, 166, 180, 183, 189, 193, 198, 200, 202, 210, 216, 220, 225, 226, 227, 233, 237, 242, 243, 244, 246, 247, 248, 257, 263, 265, 266, 272, 280, 281, 282, 284, 297, 301, 327, 331, 352, 357, 362, 363, 366, 367, 368, 369, 376, 377, 378, 388, 395, 396, 402, 403, 404, 405, 407, 409, 415, 421, 430, 440, 444, 449, 450, 452, 453, 458, 459, 465, 468, 470], "summary": {"covered_lines": 118, "num_statements": 139, "percent_covered": 84.89208633093526, "percent_covered_display": "85", "missing_lines": 21, "excluded_lines": 0, "percent_statements_covered": 84.89208633093526, "percent_statements_covered_display": "85"}, "missing_lines": [64, 65, 83, 84, 87, 142, 181, 306, 307, 308, 310, 311, 312, 314, 321, 336, 337, 339, 346, 410, 460], "excluded_lines": [], "functions": {"_get_client_or_404": {"executed_lines": [56, 57, 67, 68, 70], "summary": {"covered_lines": 5, "num_statements": 7, "percent_covered": 71.42857142857143, "percent_covered_display": "71", "missing_lines": 2, "excluded_lines": 0, "percent_statements_covered": 71.42857142857143, "percent_statements_covered_display": "71"}, "missing_lines": [64, 65], "excluded_lines": [], "start_line": 54}, "_get_owned_report": {"executed_lines": [75, 76, 86, 89, 90, 91, 93], "summary": {"covered_lines": 7, "num_statements": 10, "percent_covered": 70.0, "percent_covered_display": "70", "missing_lines": 3, "excluded_lines": 0, "percent_statements_covered": 70.0, "percent_statements_covered_display": "70"}, "missing_lines": [83, 84, 87], "excluded_lines": [], "start_line": 73}, "_get_report_item_ids": {"executed_lines": [98, 99, 101, 107], "summary": {"covered_lines": 4, "num_statements": 4, "percent_covered": 100.0, "percent_covered_display": "100", "missing_lines": 0, "excluded_lines": 0, "percent_statements_covered": 100.0, "percent_statements_covered_display": "100"}, "missing_lines": [], "excluded_lines": [], "start_line": 96}, "create_cma_report": {"executed_lines": [124, 127, 130, 136, 139, 140, 141, 148, 149, 150, 156, 157, 158, 166, 180, 183], "summary": {"covered_lines": 16, "num_statements": 18, "percent_covered": 88.88888888888889, "percent_covered_display": "89", "missing_lines": 2, "excluded_lines": 0, "percent_statements_covered": 88.88888888888889, "percent_statements_covered_display": "89"}, "missing_lines": [142, 181], "excluded_lines": [], "start_line": 118}, "list_cma_reports": {"executed_lines": [198, 200, 202, 210], "summary": {"covered_lines": 4, "num_statements": 4, "percent_covered": 100.0, "percent_covered_display": "100", "missing_lines": 0, "excluded_lines": 0, "percent_statements_covered": 100.0, "percent_statements_covered_display": "100"}, "missing_lines": [], "excluded_lines": [], "start_line": 193}, "get_cma_report": {"executed_lines": [225, 226, 227], "summary": {"covered_lines": 3, "num_statements": 3, "percent_covered": 100.0, "percent_covered_display": "100", "missing_lines": 0, "excluded_lines": 0, "percent_statements_covered": 100.0, "percent_statements_covered_display": "100"}, "missing_lines": [], "excluded_lines": [], "start_line": 220}, "get_confidence": {"executed_lines": [242, 243, 244, 246, 247, 248, 257, 263, 265, 266, 272, 280, 281, 282, 284], "summary": {"covered_lines": 15, "num_statements": 15, "percent_covered": 100.0, "percent_covered_display": "100", "missing_lines": 0, "excluded_lines": 0, "percent_statements_covered": 100.0, "percent_statements_covered_display": "100"}, "missing_lines": [], "excluded_lines": [], "start_line": 237}, "get_report_classifications": {"executed_lines": [], "summary": {"covered_lines": 0, "num_statements": 8, "percent_covered": 0.0, "percent_covered_display": "0", "missing_lines": 8, "excluded_lines": 0, "percent_statements_covered": 0.0, "percent_statements_covered_display": "0"}, "missing_lines": [306, 307, 308, 310, 311, 312, 314, 321], "excluded_lines": [], "start_line": 301}, "get_audit_trail": {"executed_lines": [], "summary": {"covered_lines": 0, "num_statements": 4, "percent_covered": 0.0, "percent_covered_display": "0", "missing_lines": 4, "excluded_lines": 0, "percent_statements_covered": 0.0, "percent_statements_covered_display": "0"}, "missing_lines": [336, 337, 339, 346], "excluded_lines": [], "start_line": 331}, "generate_cma_excel": {"executed_lines": [362, 363, 366, 367, 368, 369, 376, 377, 378, 388, 395, 396, 402, 403, 404, 405, 407, 409, 415, 421, 430], "summary": {"covered_lines": 21, "num_statements": 22, "percent_covered": 95.45454545454545, "percent_covered_display": "95", "missing_lines": 1, "excluded_lines": 0, "percent_statements_covered": 95.45454545454545, "percent_statements_covered_display": "95"}, "missing_lines": [410], "excluded_lines": [], "start_line": 357}, "download_cma_excel": {"executed_lines": [449, 450, 452, 453, 458, 459, 465, 468, 470], "summary": {"covered_lines": 9, "num_statements": 10, "percent_covered": 90.0, "percent_covered_display": "90", "missing_lines": 1, "excluded_lines": 0, "percent_statements_covered": 90.0, "percent_statements_covered_display": "90"}, "missing_lines": [460], "excluded_lines": [], "start_line": 444}, "": {"executed_lines": [16, 18, 20, 21, 23, 25, 26, 27, 37, 39, 40, 43, 44, 46, 48, 54, 73, 96, 113, 118, 189, 193, 216, 220, 233, 237, 297, 301, 327, 331, 352, 357, 440, 444], "summary": {"covered_lines": 34, "num_statements": 34, "percent_covered": 100.0, "percent_covered_display": "100", "missing_lines": 0, "excluded_lines": 0, "percent_statements_covered": 100.0, "percent_statements_covered_display": "100"}, "missing_lines": [], "excluded_lines": [], "start_line": 1}}, "classes": {"": {"executed_lines": [16, 18, 20, 21, 23, 25, 26, 27, 37, 39, 40, 43, 44, 46, 48, 54, 56, 57, 67, 68, 70, 73, 75, 76, 86, 89, 90, 91, 93, 96, 98, 99, 101, 107, 113, 118, 124, 127, 130, 136, 139, 140, 141, 148, 149, 150, 156, 157, 158, 166, 180, 183, 189, 193, 198, 200, 202, 210, 216, 220, 225, 226, 227, 233, 237, 242, 243, 244, 246, 247, 248, 257, 263, 265, 266, 272, 280, 281, 282, 284, 297, 301, 327, 331, 352, 357, 362, 363, 366, 367, 368, 369, 376, 377, 378, 388, 395, 396, 402, 403, 404, 405, 407, 409, 415, 421, 430, 440, 444, 449, 450, 452, 453, 458, 459, 465, 468, 470], "summary": {"covered_lines": 118, "num_statements": 139, "percent_covered": 84.89208633093526, "percent_covered_display": "85", "missing_lines": 21, "excluded_lines": 0, "percent_statements_covered": 84.89208633093526, "percent_statements_covered_display": "85"}, "missing_lines": [64, 65, 83, 84, 87, 142, 181, 306, 307, 308, 310, 311, 312, 314, 321, 336, 337, 339, 346, 410, 460], "excluded_lines": [], "start_line": 1}}}, "app/routers/documents.py": {"executed_lines": [3, 4, 6, 7, 9, 10, 17, 19, 26, 32, 35, 37, 38, 42, 44, 45, 48, 50, 51, 56, 57, 67, 68, 69, 75, 81, 84, 87, 88, 93, 96, 97, 107, 108, 112, 113, 115, 116, 124, 125, 146, 147, 148, 150, 153, 154, 159, 162, 163, 173, 174, 176, 183, 186, 187, 192, 194, 195, 205, 206, 208, 209, 210, 211], "summary": {"covered_lines": 64, "num_statements": 79, "percent_covered": 81.0126582278481, "percent_covered_display": "81", "missing_lines": 15, "excluded_lines": 0, "percent_statements_covered": 81.0126582278481, "percent_statements_covered_display": "81"}, "missing_lines": [39, 52, 53, 76, 104, 105, 117, 118, 142, 143, 144, 170, 171, 202, 203], "excluded_lines": [], "functions": {"_get_extension": {"executed_lines": [37, 38], "summary": {"covered_lines": 2, "num_statements": 3, "percent_covered": 66.66666666666667, "percent_covered_display": "67", "missing_lines": 1, "excluded_lines": 0, "percent_statements_covered": 66.66666666666667, "percent_statements_covered_display": "67"}, "missing_lines": [39], "excluded_lines": [], "start_line": 35}, "_check_magic_bytes": {"executed_lines": [44, 45], "summary": {"covered_lines": 2, "num_statements": 2, "percent_covered": 100.0, "percent_covered_display": "100", "missing_lines": 0, "excluded_lines": 0, "percent_statements_covered": 100.0, "percent_statements_covered_display": "100"}, "missing_lines": [], "excluded_lines": [], "start_line": 42}, "_cleanup_storage": {"executed_lines": [50, 51], "summary": {"covered_lines": 2, "num_statements": 4, "percent_covered": 50.0, "percent_covered_display": "50", "missing_lines": 2, "excluded_lines": 0, "percent_statements_covered": 50.0, "percent_statements_covered_display": "50"}, "missing_lines": [52, 53], "excluded_lines": [], "start_line": 48}, "upload_document": {"executed_lines": [67, 68, 69, 75, 81, 84, 87, 88, 93, 96, 97, 107, 108, 112, 113, 115, 116, 124, 125, 146, 147, 148, 150], "summary": {"covered_lines": 23, "num_statements": 31, "percent_covered": 74.19354838709677, "percent_covered_display": "74", "missing_lines": 8, "excluded_lines": 0, "percent_statements_covered": 74.19354838709677, "percent_statements_covered_display": "74"}, "missing_lines": [76, 104, 105, 117, 118, 142, 143, 144], "excluded_lines": [], "start_line": 57}, "list_documents": {"executed_lines": [159, 162, 163, 173, 174, 176, 183], "summary": {"covered_lines": 7, "num_statements": 9, "percent_covered": 77.77777777777777, "percent_covered_display": "78", "missing_lines": 2, "excluded_lines": 0, "percent_statements_covered": 77.77777777777777, "percent_statements_covered_display": "78"}, "missing_lines": [170, 171], "excluded_lines": [], "start_line": 154}, "delete_document": {"executed_lines": [192, 194, 195, 205, 206, 208, 209, 210, 211], "summary": {"covered_lines": 9, "num_statements": 11, "percent_covered": 81.81818181818181, "percent_covered_display": "82", "missing_lines": 2, "excluded_lines": 0, "percent_statements_covered": 81.81818181818181, "percent_statements_covered_display": "82"}, "missing_lines": [202, 203], "excluded_lines": [], "start_line": 187}, "": {"executed_lines": [3, 4, 6, 7, 9, 10, 17, 19, 26, 32, 35, 42, 48, 56, 57, 153, 154, 186, 187], "summary": {"covered_lines": 19, "num_statements": 19, "percent_covered": 100.0, "percent_covered_display": "100", "missing_lines": 0, "excluded_lines": 0, "percent_statements_covered": 100.0, "percent_statements_covered_display": "100"}, "missing_lines": [], "excluded_lines": [], "start_line": 1}}, "classes": {"": {"executed_lines": [3, 4, 6, 7, 9, 10, 17, 19, 26, 32, 35, 37, 38, 42, 44, 45, 48, 50, 51, 56, 57, 67, 68, 69, 75, 81, 84, 87, 88, 93, 96, 97, 107, 108, 112, 113, 115, 116, 124, 125, 146, 147, 148, 150, 153, 154, 159, 162, 163, 173, 174, 176, 183, 186, 187, 192, 194, 195, 205, 206, 208, 209, 210, 211], "summary": {"covered_lines": 64, "num_statements": 79, "percent_covered": 81.0126582278481, "percent_covered_display": "81", "missing_lines": 15, "excluded_lines": 0, "percent_statements_covered": 81.0126582278481, "percent_statements_covered_display": "81"}, "missing_lines": [39, 52, 53, 76, 104, 105, 117, 118, 142, 143, 144, 170, 171, 202, 203], "excluded_lines": [], "start_line": 1}}}, "app/routers/extraction.py": {"executed_lines": [10, 12, 14, 15, 16, 18, 19, 26, 28, 30, 33, 39, 47, 48, 49, 59, 60, 62, 65, 66, 71, 77, 88, 89, 90, 100, 101, 103, 106, 107, 108, 113, 114, 121, 127, 132, 138, 140, 143, 144, 154, 155, 163, 165, 171, 172, 173, 174, 176, 178, 184, 194, 198, 204, 206, 207, 215, 221, 225, 233, 236, 237, 240, 242, 250, 251, 253, 259, 263, 281, 283, 284, 292, 294, 301, 302, 308, 313, 320], "summary": {"covered_lines": 79, "num_statements": 84, "percent_covered": 94.04761904761905, "percent_covered_display": "94", "missing_lines": 5, "excluded_lines": 0, "percent_statements_covered": 94.04761904761905, "percent_statements_covered_display": "94"}, "missing_lines": [56, 57, 97, 98, 238], "excluded_lines": [], "functions": {"_get_owned_document": {"executed_lines": [47, 48, 49, 59, 60, 62, 65, 66, 71], "summary": {"covered_lines": 9, "num_statements": 11, "percent_covered": 81.81818181818181, "percent_covered_display": "82", "missing_lines": 2, "excluded_lines": 0, "percent_statements_covered": 81.81818181818181, "percent_statements_covered_display": "82"}, "missing_lines": [56, 57], "excluded_lines": [], "start_line": 39}, "require_verified_document": {"executed_lines": [88, 89, 90, 100, 101, 103, 106, 107, 108, 113, 114, 121], "summary": {"covered_lines": 12, "num_statements": 14, "percent_covered": 85.71428571428571, "percent_covered_display": "86", "missing_lines": 2, "excluded_lines": 0, "percent_statements_covered": 85.71428571428571, "percent_statements_covered_display": "86"}, "missing_lines": [97, 98], "excluded_lines": [], "start_line": 77}, "trigger_extraction": {"executed_lines": [138, 140, 143, 144, 154, 155, 163, 165, 171, 172, 173, 174, 176, 178, 184], "summary": {"covered_lines": 15, "num_statements": 15, "percent_covered": 100.0, "percent_covered_display": "100", "missing_lines": 0, "excluded_lines": 0, "percent_statements_covered": 100.0, "percent_statements_covered_display": "100"}, "missing_lines": [], "excluded_lines": [], "start_line": 132}, "get_line_items": {"executed_lines": [204, 206, 207, 215], "summary": {"covered_lines": 4, "num_statements": 4, "percent_covered": 100.0, "percent_covered_display": "100", "missing_lines": 0, "excluded_lines": 0, "percent_statements_covered": 100.0, "percent_statements_covered_display": "100"}, "missing_lines": [], "excluded_lines": [], "start_line": 198}, "update_line_item": {"executed_lines": [233, 236, 237, 240, 242, 250, 251, 253], "summary": {"covered_lines": 8, "num_statements": 9, "percent_covered": 88.88888888888889, "percent_covered_display": "89", "missing_lines": 1, "excluded_lines": 0, "percent_statements_covered": 88.88888888888889, "percent_statements_covered_display": "89"}, "missing_lines": [238], "excluded_lines": [], "start_line": 225}, "verify_extraction": {"executed_lines": [281, 283, 284, 292, 294, 301, 302, 308, 313, 320], "summary": {"covered_lines": 10, "num_statements": 10, "percent_covered": 100.0, "percent_covered_display": "100", "missing_lines": 0, "excluded_lines": 0, "percent_statements_covered": 100.0, "percent_statements_covered_display": "100"}, "missing_lines": [], "excluded_lines": [], "start_line": 263}, "": {"executed_lines": [10, 12, 14, 15, 16, 18, 19, 26, 28, 30, 33, 39, 77, 127, 132, 194, 198, 221, 225, 259, 263], "summary": {"covered_lines": 21, "num_statements": 21, "percent_covered": 100.0, "percent_covered_display": "100", "missing_lines": 0, "excluded_lines": 0, "percent_statements_covered": 100.0, "percent_statements_covered_display": "100"}, "missing_lines": [], "excluded_lines": [], "start_line": 1}}, "classes": {"": {"executed_lines": [10, 12, 14, 15, 16, 18, 19, 26, 28, 30, 33, 39, 47, 48, 49, 59, 60, 62, 65, 66, 71, 77, 88, 89, 90, 100, 101, 103, 106, 107, 108, 113, 114, 121, 127, 132, 138, 140, 143, 144, 154, 155, 163, 165, 171, 172, 173, 174, 176, 178, 184, 194, 198, 204, 206, 207, 215, 221, 225, 233, 236, 237, 240, 242, 250, 251, 253, 259, 263, 281, 283, 284, 292, 294, 301, 302, 308, 313, 320], "summary": {"covered_lines": 79, "num_statements": 84, "percent_covered": 94.04761904761905, "percent_covered_display": "94", "missing_lines": 5, "excluded_lines": 0, "percent_statements_covered": 94.04761904761905, "percent_statements_covered_display": "94"}, "missing_lines": [56, 57, 97, 98, 238], "excluded_lines": [], "start_line": 1}}}, "app/routers/tasks.py": {"executed_lines": [6, 8, 10, 11, 12, 14, 15, 16, 18, 20, 23, 32, 33, 43, 44, 45, 46, 47, 49, 51, 54, 55, 56, 57, 58, 59, 60, 62, 64], "summary": {"covered_lines": 29, "num_statements": 29, "percent_covered": 100.0, "percent_covered_display": "100", "missing_lines": 0, "excluded_lines": 0, "percent_statements_covered": 100.0, "percent_statements_covered_display": "100"}, "missing_lines": [], "excluded_lines": [], "functions": {"get_task_status": {"executed_lines": [43, 44, 45, 46, 47, 49, 51, 54, 55, 56, 57, 58, 59, 60, 62, 64], "summary": {"covered_lines": 16, "num_statements": 16, "percent_covered": 100.0, "percent_covered_display": "100", "missing_lines": 0, "excluded_lines": 0, "percent_statements_covered": 100.0, "percent_statements_covered_display": "100"}, "missing_lines": [], "excluded_lines": [], "start_line": 33}, "": {"executed_lines": [6, 8, 10, 11, 12, 14, 15, 16, 18, 20, 23, 32, 33], "summary": {"covered_lines": 13, "num_statements": 13, "percent_covered": 100.0, "percent_covered_display": "100", "missing_lines": 0, "excluded_lines": 0, "percent_statements_covered": 100.0, "percent_statements_covered_display": "100"}, "missing_lines": [], "excluded_lines": [], "start_line": 1}}, "classes": {"": {"executed_lines": [6, 8, 10, 11, 12, 14, 15, 16, 18, 20, 23, 32, 33, 43, 44, 45, 46, 47, 49, 51, 54, 55, 56, 57, 58, 59, 60, 62, 64], "summary": {"covered_lines": 29, "num_statements": 29, "percent_covered": 100.0, "percent_covered_display": "100", "missing_lines": 0, "excluded_lines": 0, "percent_statements_covered": 100.0, "percent_statements_covered_display": "100"}, "missing_lines": [], "excluded_lines": [], "start_line": 1}}}, "app/services/__init__.py": {"executed_lines": [], "summary": {"covered_lines": 0, "num_statements": 0, "percent_covered": 100.0, "percent_covered_display": "100", "missing_lines": 0, "excluded_lines": 0, "percent_statements_covered": 100.0, "percent_statements_covered_display": "100"}, "missing_lines": [], "excluded_lines": [], "functions": {"": {"executed_lines": [], "summary": {"covered_lines": 0, "num_statements": 0, "percent_covered": 100.0, "percent_covered_display": "100", "missing_lines": 0, "excluded_lines": 0, "percent_statements_covered": 100.0, "percent_statements_covered_display": "100"}, "missing_lines": [], "excluded_lines": [], "start_line": 1}}, "classes": {"": {"executed_lines": [], "summary": {"covered_lines": 0, "num_statements": 0, "percent_covered": 100.0, "percent_covered_display": "100", "missing_lines": 0, "excluded_lines": 0, "percent_statements_covered": 100.0, "percent_statements_covered_display": "100"}, "missing_lines": [], "excluded_lines": [], "start_line": 1}}}, "app/services/audit_service.py": {"executed_lines": [7, 9, 10, 12, 15, 37, 38, 39, 53, 54], "summary": {"covered_lines": 10, "num_statements": 10, "percent_covered": 100.0, "percent_covered_display": "100", "missing_lines": 0, "excluded_lines": 0, "percent_statements_covered": 100.0, "percent_statements_covered_display": "100"}, "missing_lines": [], "excluded_lines": [], "functions": {"log_action": {"executed_lines": [37, 38, 39, 53, 54], "summary": {"covered_lines": 5, "num_statements": 5, "percent_covered": 100.0, "percent_covered_display": "100", "missing_lines": 0, "excluded_lines": 0, "percent_statements_covered": 100.0, "percent_statements_covered_display": "100"}, "missing_lines": [], "excluded_lines": [], "start_line": 15}, "": {"executed_lines": [7, 9, 10, 12, 15], "summary": {"covered_lines": 5, "num_statements": 5, "percent_covered": 100.0, "percent_covered_display": "100", "missing_lines": 0, "excluded_lines": 0, "percent_statements_covered": 100.0, "percent_statements_covered_display": "100"}, "missing_lines": [], "excluded_lines": [], "start_line": 1}}, "classes": {"": {"executed_lines": [7, 9, 10, 12, 15, 37, 38, 39, 53, 54], "summary": {"covered_lines": 10, "num_statements": 10, "percent_covered": 100.0, "percent_covered_display": "100", "missing_lines": 0, "excluded_lines": 0, "percent_statements_covered": 100.0, "percent_statements_covered_display": "100"}, "missing_lines": [], "excluded_lines": [], "start_line": 1}}}, "app/services/classification/__init__.py": {"executed_lines": [], "summary": {"covered_lines": 0, "num_statements": 0, "percent_covered": 100.0, "percent_covered_display": "100", "missing_lines": 0, "excluded_lines": 0, "percent_statements_covered": 100.0, "percent_statements_covered_display": "100"}, "missing_lines": [], "excluded_lines": [], "functions": {"": {"executed_lines": [], "summary": {"covered_lines": 0, "num_statements": 0, "percent_covered": 100.0, "percent_covered_display": "100", "missing_lines": 0, "excluded_lines": 0, "percent_statements_covered": 100.0, "percent_statements_covered_display": "100"}, "missing_lines": [], "excluded_lines": [], "start_line": 1}}, "classes": {"": {"executed_lines": [], "summary": {"covered_lines": 0, "num_statements": 0, "percent_covered": 100.0, "percent_covered_display": "100", "missing_lines": 0, "excluded_lines": 0, "percent_statements_covered": 100.0, "percent_statements_covered_display": "100"}, "missing_lines": [], "excluded_lines": [], "start_line": 1}}}, "app/services/classification/ai_classifier.py": {"executed_lines": [10, 12, 13, 15, 17, 18, 19, 20, 22, 25, 28, 31, 122, 123, 126, 127, 128, 129, 130, 131, 132, 133, 134, 137, 144, 145, 146, 148, 164, 165, 174, 182, 184, 185, 191, 205, 216, 217, 218, 219, 220, 223, 225, 228, 233, 234, 236, 263, 266, 271, 272, 273, 286, 288, 289, 292, 293, 294, 295, 299], "summary": {"covered_lines": 60, "num_statements": 60, "percent_covered": 100.0, "percent_covered_display": "100", "missing_lines": 0, "excluded_lines": 0, "percent_statements_covered": 100.0, "percent_statements_covered_display": "100"}, "missing_lines": [], "excluded_lines": [], "functions": {"AIClassifier.__init__": {"executed_lines": [145, 146], "summary": {"covered_lines": 2, "num_statements": 2, "percent_covered": 100.0, "percent_covered_display": "100", "missing_lines": 0, "excluded_lines": 0, "percent_statements_covered": 100.0, "percent_statements_covered_display": "100"}, "missing_lines": [], "excluded_lines": [], "start_line": 144}, "AIClassifier.classify": {"executed_lines": [164, 165, 174, 182, 184, 185, 191], "summary": {"covered_lines": 7, "num_statements": 7, "percent_covered": 100.0, "percent_covered_display": "100", "missing_lines": 0, "excluded_lines": 0, "percent_statements_covered": 100.0, "percent_statements_covered_display": "100"}, "missing_lines": [], "excluded_lines": [], "start_line": 148}, "AIClassifier._build_prompt": {"executed_lines": [216, 217, 218, 219, 220, 223, 225, 228, 233, 234, 236], "summary": {"covered_lines": 11, "num_statements": 11, "percent_covered": 100.0, "percent_covered_display": "100", "missing_lines": 0, "excluded_lines": 0, "percent_statements_covered": 100.0, "percent_statements_covered_display": "100"}, "missing_lines": [], "excluded_lines": [], "start_line": 205}, "AIClassifier._parse_response": {"executed_lines": [266, 271, 272, 273, 286, 288, 289, 292, 293, 294, 295, 299], "summary": {"covered_lines": 12, "num_statements": 12, "percent_covered": 100.0, "percent_covered_display": "100", "missing_lines": 0, "excluded_lines": 0, "percent_statements_covered": 100.0, "percent_statements_covered_display": "100"}, "missing_lines": [], "excluded_lines": [], "start_line": 263}, "": {"executed_lines": [10, 12, 13, 15, 17, 18, 19, 20, 22, 25, 28, 31, 122, 123, 126, 127, 128, 129, 130, 131, 132, 133, 134, 137, 144, 148, 205, 263], "summary": {"covered_lines": 28, "num_statements": 28, "percent_covered": 100.0, "percent_covered_display": "100", "missing_lines": 0, "excluded_lines": 0, "percent_statements_covered": 100.0, "percent_statements_covered_display": "100"}, "missing_lines": [], "excluded_lines": [], "start_line": 1}}, "classes": {"AIClassificationResult": {"executed_lines": [], "summary": {"covered_lines": 0, "num_statements": 0, "percent_covered": 100.0, "percent_covered_display": "100", "missing_lines": 0, "excluded_lines": 0, "percent_statements_covered": 100.0, "percent_statements_covered_display": "100"}, "missing_lines": [], "excluded_lines": [], "start_line": 123}, "AIClassifier": {"executed_lines": [145, 146, 164, 165, 174, 182, 184, 185, 191, 216, 217, 218, 219, 220, 223, 225, 228, 233, 234, 236, 266, 271, 272, 273, 286, 288, 289, 292, 293, 294, 295, 299], "summary": {"covered_lines": 32, "num_statements": 32, "percent_covered": 100.0, "percent_covered_display": "100", "missing_lines": 0, "excluded_lines": 0, "percent_statements_covered": 100.0, "percent_statements_covered_display": "100"}, "missing_lines": [], "excluded_lines": [], "start_line": 137}, "": {"executed_lines": [10, 12, 13, 15, 17, 18, 19, 20, 22, 25, 28, 31, 122, 123, 126, 127, 128, 129, 130, 131, 132, 133, 134, 137, 144, 148, 205, 263], "summary": {"covered_lines": 28, "num_statements": 28, "percent_covered": 100.0, "percent_covered_display": "100", "missing_lines": 0, "excluded_lines": 0, "percent_statements_covered": 100.0, "percent_statements_covered_display": "100"}, "missing_lines": [], "excluded_lines": [], "start_line": 1}}}, "app/services/classification/fuzzy_matcher.py": {"executed_lines": [12, 14, 15, 17, 19, 21, 24, 27, 28, 31, 32, 33, 34, 35, 36, 39, 50, 52, 54, 56, 75, 76, 78, 79, 80, 82, 84, 90, 93, 94, 96, 97, 100, 101, 102, 103, 104, 105, 106, 108, 112, 114, 115, 121, 123, 130, 131, 132, 138, 141, 143, 150, 151, 152, 154, 161, 162, 163, 164, 165, 166, 176, 178, 189, 190, 191, 193, 200, 201, 202, 203, 204, 205, 206, 207, 217, 220, 227], "summary": {"covered_lines": 78, "num_statements": 78, "percent_covered": 100.0, "percent_covered_display": "100", "missing_lines": 0, "excluded_lines": 0, "percent_statements_covered": 100.0, "percent_statements_covered_display": "100"}, "missing_lines": [], "excluded_lines": [], "functions": {"FuzzyMatcher.__init__": {"executed_lines": [54], "summary": {"covered_lines": 1, "num_statements": 1, "percent_covered": 100.0, "percent_covered_display": "100", "missing_lines": 0, "excluded_lines": 0, "percent_statements_covered": 100.0, "percent_statements_covered_display": "100"}, "missing_lines": [], "excluded_lines": [], "start_line": 52}, "FuzzyMatcher.match": {"executed_lines": [75, 76, 78, 79, 80, 82, 84, 90, 93, 94, 96, 97, 100, 101, 102, 103, 104, 105, 106, 108], "summary": {"covered_lines": 20, "num_statements": 20, "percent_covered": 100.0, "percent_covered_display": "100", "missing_lines": 0, "excluded_lines": 0, "percent_statements_covered": 100.0, "percent_statements_covered_display": "100"}, "missing_lines": [], "excluded_lines": [], "start_line": 56}, "FuzzyMatcher._fetch_learned_mappings": {"executed_lines": [114, 115, 121], "summary": {"covered_lines": 3, "num_statements": 3, "percent_covered": 100.0, "percent_covered_display": "100", "missing_lines": 0, "excluded_lines": 0, "percent_statements_covered": 100.0, "percent_statements_covered_display": "100"}, "missing_lines": [], "excluded_lines": [], "start_line": 112}, "FuzzyMatcher._fetch_reference_mappings": {"executed_lines": [130, 131, 132, 138, 141], "summary": {"covered_lines": 5, "num_statements": 5, "percent_covered": 100.0, "percent_covered_display": "100", "missing_lines": 0, "excluded_lines": 0, "percent_statements_covered": 100.0, "percent_statements_covered_display": "100"}, "missing_lines": [], "excluded_lines": [], "start_line": 123}, "FuzzyMatcher._match_against_learned": {"executed_lines": [150, 151, 152, 154, 161, 162, 163, 164, 165, 166, 176], "summary": {"covered_lines": 11, "num_statements": 11, "percent_covered": 100.0, "percent_covered_display": "100", "missing_lines": 0, "excluded_lines": 0, "percent_statements_covered": 100.0, "percent_statements_covered_display": "100"}, "missing_lines": [], "excluded_lines": [], "start_line": 143}, "FuzzyMatcher._match_against_reference": {"executed_lines": [189, 190, 191, 193, 200, 201, 202, 203, 204, 205, 206, 207, 217], "summary": {"covered_lines": 13, "num_statements": 13, "percent_covered": 100.0, "percent_covered_display": "100", "missing_lines": 0, "excluded_lines": 0, "percent_statements_covered": 100.0, "percent_statements_covered_display": "100"}, "missing_lines": [], "excluded_lines": [], "start_line": 178}, "_determine_sheet": {"executed_lines": [227], "summary": {"covered_lines": 1, "num_statements": 1, "percent_covered": 100.0, "percent_covered_display": "100", "missing_lines": 0, "excluded_lines": 0, "percent_statements_covered": 100.0, "percent_statements_covered_display": "100"}, "missing_lines": [], "excluded_lines": [], "start_line": 220}, "": {"executed_lines": [12, 14, 15, 17, 19, 21, 24, 27, 28, 31, 32, 33, 34, 35, 36, 39, 50, 52, 56, 112, 123, 143, 178, 220], "summary": {"covered_lines": 24, "num_statements": 24, "percent_covered": 100.0, "percent_covered_display": "100", "missing_lines": 0, "excluded_lines": 0, "percent_statements_covered": 100.0, "percent_statements_covered_display": "100"}, "missing_lines": [], "excluded_lines": [], "start_line": 1}}, "classes": {"FuzzyMatchResult": {"executed_lines": [], "summary": {"covered_lines": 0, "num_statements": 0, "percent_covered": 100.0, "percent_covered_display": "100", "missing_lines": 0, "excluded_lines": 0, "percent_statements_covered": 100.0, "percent_statements_covered_display": "100"}, "missing_lines": [], "excluded_lines": [], "start_line": 28}, "FuzzyMatcher": {"executed_lines": [54, 75, 76, 78, 79, 80, 82, 84, 90, 93, 94, 96, 97, 100, 101, 102, 103, 104, 105, 106, 108, 114, 115, 121, 130, 131, 132, 138, 141, 150, 151, 152, 154, 161, 162, 163, 164, 165, 166, 176, 189, 190, 191, 193, 200, 201, 202, 203, 204, 205, 206, 207, 217], "summary": {"covered_lines": 53, "num_statements": 53, "percent_covered": 100.0, "percent_covered_display": "100", "missing_lines": 0, "excluded_lines": 0, "percent_statements_covered": 100.0, "percent_statements_covered_display": "100"}, "missing_lines": [], "excluded_lines": [], "start_line": 39}, "": {"executed_lines": [12, 14, 15, 17, 19, 21, 24, 27, 28, 31, 32, 33, 34, 35, 36, 39, 50, 52, 56, 112, 123, 143, 178, 220, 227], "summary": {"covered_lines": 25, "num_statements": 25, "percent_covered": 100.0, "percent_covered_display": "100", "missing_lines": 0, "excluded_lines": 0, "percent_statements_covered": 100.0, "percent_statements_covered_display": "100"}, "missing_lines": [], "excluded_lines": [], "start_line": 1}}}, "app/services/classification/learning_system.py": {"executed_lines": [12, 14, 15, 17, 19, 22, 25, 30, 45, 46, 49, 50, 53, 67, 68, 77, 78, 91, 93, 110, 111, 114, 115, 118, 135, 155, 156, 165, 166, 181, 183, 202, 205, 206, 214, 222, 224, 225, 230, 231, 232, 233, 239, 240, 241, 247, 252, 256, 265, 266, 269, 277, 279, 281, 282, 290, 302, 304, 311, 312, 313, 315, 317, 323, 324, 325, 326, 328, 338, 339, 348, 350], "summary": {"covered_lines": 72, "num_statements": 72, "percent_covered": 100.0, "percent_covered_display": "100", "missing_lines": 0, "excluded_lines": 0, "percent_statements_covered": 100.0, "percent_statements_covered_display": "100"}, "missing_lines": [], "excluded_lines": [], "functions": {"LearningSystem.approve_classification": {"executed_lines": [45, 46, 49, 50, 53, 67, 68, 77, 78, 91], "summary": {"covered_lines": 10, "num_statements": 10, "percent_covered": 100.0, "percent_covered_display": "100", "missing_lines": 0, "excluded_lines": 0, "percent_statements_covered": 100.0, "percent_statements_covered_display": "100"}, "missing_lines": [], "excluded_lines": [], "start_line": 30}, "LearningSystem.correct_classification": {"executed_lines": [110, 111, 114, 115, 118, 135, 155, 156, 165, 166, 181], "summary": {"covered_lines": 11, "num_statements": 11, "percent_covered": 100.0, "percent_covered_display": "100", "missing_lines": 0, "excluded_lines": 0, "percent_statements_covered": 100.0, "percent_statements_covered_display": "100"}, "missing_lines": [], "excluded_lines": [], "start_line": 93}, "LearningSystem.bulk_approve": {"executed_lines": [202, 205, 206, 214, 222, 224, 225, 230, 231, 232, 233, 239, 240, 241, 247, 252], "summary": {"covered_lines": 16, "num_statements": 16, "percent_covered": 100.0, "percent_covered_display": "100", "missing_lines": 0, "excluded_lines": 0, "percent_statements_covered": 100.0, "percent_statements_covered_display": "100"}, "missing_lines": [], "excluded_lines": [], "start_line": 183}, "LearningSystem._upsert_learned_mapping": {"executed_lines": [265, 266, 269, 277, 279, 281, 282, 290], "summary": {"covered_lines": 8, "num_statements": 8, "percent_covered": 100.0, "percent_covered_display": "100", "missing_lines": 0, "excluded_lines": 0, "percent_statements_covered": 100.0, "percent_statements_covered_display": "100"}, "missing_lines": [], "excluded_lines": [], "start_line": 256}, "LearningSystem._fetch_classification": {"executed_lines": [304, 311, 312, 313], "summary": {"covered_lines": 4, "num_statements": 4, "percent_covered": 100.0, "percent_covered_display": "100", "missing_lines": 0, "excluded_lines": 0, "percent_statements_covered": 100.0, "percent_statements_covered_display": "100"}, "missing_lines": [], "excluded_lines": [], "start_line": 302}, "LearningSystem._get_source_text": {"executed_lines": [317, 323, 324, 325, 326], "summary": {"covered_lines": 5, "num_statements": 5, "percent_covered": 100.0, "percent_covered_display": "100", "missing_lines": 0, "excluded_lines": 0, "percent_statements_covered": 100.0, "percent_statements_covered_display": "100"}, "missing_lines": [], "excluded_lines": [], "start_line": 315}, "LearningSystem._log_audit": {"executed_lines": [338, 339, 348, 350], "summary": {"covered_lines": 4, "num_statements": 4, "percent_covered": 100.0, "percent_covered_display": "100", "missing_lines": 0, "excluded_lines": 0, "percent_statements_covered": 100.0, "percent_statements_covered_display": "100"}, "missing_lines": [], "excluded_lines": [], "start_line": 328}, "": {"executed_lines": [12, 14, 15, 17, 19, 22, 25, 30, 93, 183, 256, 302, 315, 328], "summary": {"covered_lines": 14, "num_statements": 14, "percent_covered": 100.0, "percent_covered_display": "100", "missing_lines": 0, "excluded_lines": 0, "percent_statements_covered": 100.0, "percent_statements_covered_display": "100"}, "missing_lines": [], "excluded_lines": [], "start_line": 1}}, "classes": {"LearningSystem": {"executed_lines": [45, 46, 49, 50, 53, 67, 68, 77, 78, 91, 110, 111, 114, 115, 118, 135, 155, 156, 165, 166, 181, 202, 205, 206, 214, 222, 224, 225, 230, 231, 232, 233, 239, 240, 241, 247, 252, 265, 266, 269, 277, 279, 281, 282, 290, 304, 311, 312, 313, 317, 323, 324, 325, 326, 338, 339, 348, 350], "summary": {"covered_lines": 58, "num_statements": 58, "percent_covered": 100.0, "percent_covered_display": "100", "missing_lines": 0, "excluded_lines": 0, "percent_statements_covered": 100.0, "percent_statements_covered_display": "100"}, "missing_lines": [], "excluded_lines": [], "start_line": 25}, "": {"executed_lines": [12, 14, 15, 17, 19, 22, 25, 30, 93, 183, 256, 302, 315, 328], "summary": {"covered_lines": 14, "num_statements": 14, "percent_covered": 100.0, "percent_covered_display": "100", "missing_lines": 0, "excluded_lines": 0, "percent_statements_covered": 100.0, "percent_statements_covered_display": "100"}, "missing_lines": [], "excluded_lines": [], "start_line": 1}}}, "app/services/classification/pipeline.py": {"executed_lines": [10, 12, 14, 15, 16, 17, 18, 20, 23, 26, 29, 32, 33, 34, 36, 58, 59, 60, 61, 64, 65, 67, 68, 69, 75, 101, 110, 112, 113, 119, 140, 145, 165, 179, 182, 189, 191, 192, 193, 194, 196, 197, 198, 205, 208, 209, 210, 211, 213, 215, 216, 222, 241, 243, 252], "summary": {"covered_lines": 55, "num_statements": 55, "percent_covered": 100.0, "percent_covered_display": "100", "missing_lines": 0, "excluded_lines": 0, "percent_statements_covered": 100.0, "percent_statements_covered_display": "100"}, "missing_lines": [], "excluded_lines": [], "functions": {"ClassificationPipeline.__init__": {"executed_lines": [33, 34], "summary": {"covered_lines": 2, "num_statements": 2, "percent_covered": 100.0, "percent_covered_display": "100", "missing_lines": 0, "excluded_lines": 0, "percent_statements_covered": 100.0, "percent_statements_covered_display": "100"}, "missing_lines": [], "excluded_lines": [], "start_line": 32}, "ClassificationPipeline.classify_item": {"executed_lines": [58, 59, 60, 61, 64, 65, 67, 68, 69, 75, 101, 110, 112, 113, 119, 140, 145], "summary": {"covered_lines": 17, "num_statements": 17, "percent_covered": 100.0, "percent_covered_display": "100", "missing_lines": 0, "excluded_lines": 0, "percent_statements_covered": 100.0, "percent_statements_covered_display": "100"}, "missing_lines": [], "excluded_lines": [], "start_line": 36}, "ClassificationPipeline.classify_document": {"executed_lines": [179, 182, 189, 191, 192, 193, 194, 196, 197, 198, 205, 208, 209, 210, 211, 213, 215, 216, 222, 241, 243, 252], "summary": {"covered_lines": 22, "num_statements": 22, "percent_covered": 100.0, "percent_covered_display": "100", "missing_lines": 0, "excluded_lines": 0, "percent_statements_covered": 100.0, "percent_statements_covered_display": "100"}, "missing_lines": [], "excluded_lines": [], "start_line": 165}, "": {"executed_lines": [10, 12, 14, 15, 16, 17, 18, 20, 23, 26, 29, 32, 36, 165], "summary": {"covered_lines": 14, "num_statements": 14, "percent_covered": 100.0, "percent_covered_display": "100", "missing_lines": 0, "excluded_lines": 0, "percent_statements_covered": 100.0, "percent_statements_covered_display": "100"}, "missing_lines": [], "excluded_lines": [], "start_line": 1}}, "classes": {"ClassificationPipeline": {"executed_lines": [33, 34, 58, 59, 60, 61, 64, 65, 67, 68, 69, 75, 101, 110, 112, 113, 119, 140, 145, 179, 182, 189, 191, 192, 193, 194, 196, 197, 198, 205, 208, 209, 210, 211, 213, 215, 216, 222, 241, 243, 252], "summary": {"covered_lines": 41, "num_statements": 41, "percent_covered": 100.0, "percent_covered_display": "100", "missing_lines": 0, "excluded_lines": 0, "percent_statements_covered": 100.0, "percent_statements_covered_display": "100"}, "missing_lines": [], "excluded_lines": [], "start_line": 29}, "": {"executed_lines": [10, 12, 14, 15, 16, 17, 18, 20, 23, 26, 29, 32, 36, 165], "summary": {"covered_lines": 14, "num_statements": 14, "percent_covered": 100.0, "percent_covered_display": "100", "missing_lines": 0, "excluded_lines": 0, "percent_statements_covered": 100.0, "percent_statements_covered_display": "100"}, "missing_lines": [], "excluded_lines": [], "start_line": 1}}}, "app/services/excel_generator.py": {"executed_lines": [19, 21, 22, 23, 25, 26, 28, 29, 30, 32, 34, 35, 36, 39, 40, 41, 44, 47, 48, 49, 53, 69, 70, 72, 79, 82, 83, 84, 85, 86, 87, 90, 91, 94, 97, 99, 104, 108, 109, 110, 111, 112, 113, 114, 115, 116, 117, 118, 120, 122, 124, 125, 126, 127, 129, 130, 131, 132, 133, 134, 135, 136, 138, 139, 140, 142, 143, 147, 149, 150, 152, 154, 155, 158, 161, 162, 164, 174, 183, 186, 187, 188, 189, 190, 194, 195, 202, 203, 204, 206, 207, 214, 215, 216, 218, 219, 220, 221, 227, 229, 231, 232, 235, 241, 242, 243, 246, 247, 254, 256, 257, 258, 259, 260, 261, 262, 263, 264, 265, 266, 274], "summary": {"covered_lines": 121, "num_statements": 121, "percent_covered": 100.0, "percent_covered_display": "100", "missing_lines": 0, "excluded_lines": 0, "percent_statements_covered": 100.0, "percent_statements_covered_display": "100"}, "missing_lines": [], "excluded_lines": [], "functions": {"ExcelGenerator.__init__": {"executed_lines": [48, 49], "summary": {"covered_lines": 2, "num_statements": 2, "percent_covered": 100.0, "percent_covered_display": "100", "missing_lines": 0, "excluded_lines": 0, "percent_statements_covered": 100.0, "percent_statements_covered_display": "100"}, "missing_lines": [], "excluded_lines": [], "start_line": 47}, "ExcelGenerator.fill_workbook": {"executed_lines": [69, 70], "summary": {"covered_lines": 2, "num_statements": 2, "percent_covered": 100.0, "percent_covered_display": "100", "missing_lines": 0, "excluded_lines": 0, "percent_statements_covered": 100.0, "percent_statements_covered_display": "100"}, "missing_lines": [], "excluded_lines": [], "start_line": 53}, "ExcelGenerator.generate": {"executed_lines": [79, 82, 83, 84, 85, 86, 87, 90, 91, 94, 97, 99, 104], "summary": {"covered_lines": 13, "num_statements": 13, "percent_covered": 100.0, "percent_covered_display": "100", "missing_lines": 0, "excluded_lines": 0, "percent_statements_covered": 100.0, "percent_statements_covered_display": "100"}, "missing_lines": [], "excluded_lines": [], "start_line": 72}, "ExcelGenerator._fill_headers": {"executed_lines": [109, 110, 111, 112, 113, 114, 115, 116, 117, 118], "summary": {"covered_lines": 10, "num_statements": 10, "percent_covered": 100.0, "percent_covered_display": "100", "missing_lines": 0, "excluded_lines": 0, "percent_statements_covered": 100.0, "percent_statements_covered_display": "100"}, "missing_lines": [], "excluded_lines": [], "start_line": 108}, "ExcelGenerator._fill_data_cells": {"executed_lines": [122, 124, 125, 126, 127, 129, 130, 131, 132, 133, 134, 135, 136, 138, 139, 140, 142, 143], "summary": {"covered_lines": 18, "num_statements": 18, "percent_covered": 100.0, "percent_covered_display": "100", "missing_lines": 0, "excluded_lines": 0, "percent_statements_covered": 100.0, "percent_statements_covered_display": "100"}, "missing_lines": [], "excluded_lines": [], "start_line": 120}, "ExcelGenerator._save_upload_cleanup": {"executed_lines": [149, 150, 152, 154, 155, 158, 161, 162, 164, 174, 183, 186, 187, 188, 189, 190], "summary": {"covered_lines": 16, "num_statements": 16, "percent_covered": 100.0, "percent_covered_display": "100", "missing_lines": 0, "excluded_lines": 0, "percent_statements_covered": 100.0, "percent_statements_covered_display": "100"}, "missing_lines": [], "excluded_lines": [], "start_line": 147}, "ExcelGenerator._fetch_report": {"executed_lines": [195, 202, 203, 204], "summary": {"covered_lines": 4, "num_statements": 4, "percent_covered": 100.0, "percent_covered_display": "100", "missing_lines": 0, "excluded_lines": 0, "percent_statements_covered": 100.0, "percent_statements_covered_display": "100"}, "missing_lines": []
[...]
_covered_display": "82", "missing_lines": 9, "excluded_lines": 0, "percent_statements_covered": 82.3529411764706, "percent_statements_covered_display": "82"}, "missing_lines": [90, 91, 92, 93, 94, 152, 157, 158, 159], "excluded_lines": [], "start_line": 65}, "": {"executed_lines": [19, 21, 22, 24, 30, 37, 38, 41, 44, 50, 51, 52, 53, 54, 55, 56, 57, 58, 59, 65, 68, 98, 140, 174, 175], "summary": {"covered_lines": 25, "num_statements": 26, "percent_covered": 96.15384615384616, "percent_covered_display": "96", "missing_lines": 1, "excluded_lines": 0, "percent_statements_covered": 96.15384615384616, "percent_statements_covered_display": "96"}, "missing_lines": [39], "excluded_lines": [], "start_line": 1}}}, "app/services/extraction/extractor_factory.py": {"executed_lines": [18, 20, 21, 23, 26, 29, 30, 31, 33, 39, 46, 47, 48, 49, 50, 51, 52, 60, 87, 88, 89, 91, 92, 93, 95, 96, 97, 99, 100, 102, 105, 106], "summary": {"covered_lines": 32, "num_statements": 36, "percent_covered": 88.88888888888889, "percent_covered_display": "89", "missing_lines": 4, "excluded_lines": 0, "percent_statements_covered": 88.88888888888889, "percent_statements_covered_display": "89"}, "missing_lines": [53, 54, 107, 108], "excluded_lines": [], "functions": {"is_scanned_pdf": {"executed_lines": [46, 47, 48, 49, 50, 51, 52], "summary": {"covered_lines": 7, "num_statements": 9, "percent_covered": 77.77777777777777, "percent_covered_display": "78", "missing_lines": 2, "excluded_lines": 0, "percent_statements_covered": 77.77777777777777, "percent_statements_covered_display": "78"}, "missing_lines": [53, 54], "excluded_lines": [], "start_line": 39}, "extract_document": {"executed_lines": [87, 88, 89, 91, 92, 93, 95, 96, 97, 99, 100, 102, 105, 106], "summary": {"covered_lines": 14, "num_statements": 16, "percent_covered": 87.5, "percent_covered_display": "88", "missing_lines": 2, "excluded_lines": 0, "percent_statements_covered": 87.5, "percent_statements_covered_display": "88"}, "missing_lines": [107, 108], "excluded_lines": [], "start_line": 60}, "": {"executed_lines": [18, 20, 21, 23, 26, 29, 30, 31, 33, 39, 60], "summary": {"covered_lines": 11, "num_statements": 11, "percent_covered": 100.0, "percent_covered_display": "100", "missing_lines": 0, "excluded_lines": 0, "percent_statements_covered": 100.0, "percent_statements_covered_display": "100"}, "missing_lines": [], "excluded_lines": [], "start_line": 1}}, "classes": {"": {"executed_lines": [18, 20, 21, 23, 26, 29, 30, 31, 33, 39, 46, 47, 48, 49, 50, 51, 52, 60, 87, 88, 89, 91, 92, 93, 95, 96, 97, 99, 100, 102, 105, 106], "summary": {"covered_lines": 32, "num_statements": 36, "percent_covered": 88.88888888888889, "percent_covered_display": "89", "missing_lines": 4, "excluded_lines": 0, "percent_statements_covered": 88.88888888888889, "percent_statements_covered_display": "89"}, "missing_lines": [53, 54, 107, 108], "excluded_lines": [], "start_line": 1}}}, "app/services/extraction/ocr_extractor.py": {"executed_lines": [23, 25, 26, 27, 28, 30, 32, 33, 35, 41, 85, 97, 108, 109, 119, 122, 135, 137, 140, 141, 145, 148, 156, 158, 159, 162, 163, 171, 175, 182, 183, 184, 185, 186, 188, 192, 193, 194, 195, 196, 198, 201, 202, 205, 214], "summary": {"covered_lines": 45, "num_statements": 75, "percent_covered": 60.0, "percent_covered_display": "60", "missing_lines": 30, "excluded_lines": 0, "percent_statements_covered": 60.0, "percent_statements_covered_display": "60"}, "missing_lines": [55, 56, 57, 58, 59, 60, 61, 62, 66, 67, 68, 69, 71, 72, 74, 75, 76, 77, 79, 91, 92, 149, 150, 151, 152, 160, 189, 190, 199, 203], "excluded_lines": [], "functions": {"run_surya_ocr": {"executed_lines": [], "summary": {"covered_lines": 0, "num_statements": 19, "percent_covered": 0.0, "percent_covered_display": "0", "missing_lines": 19, "excluded_lines": 0, "percent_statements_covered": 0.0, "percent_statements_covered_display": "0"}, "missing_lines": [55, 56, 57, 58, 59, 60, 61, 62, 66, 67, 68, 69, 71, 72, 74, 75, 76, 77, 79], "excluded_lines": [], "start_line": 41}, "convert_from_bytes": {"executed_lines": [], "summary": {"covered_lines": 0, "num_statements": 2, "percent_covered": 0.0, "percent_covered_display": "0", "missing_lines": 2, "excluded_lines": 0, "percent_statements_covered": 0.0, "percent_statements_covered_display": "0"}, "missing_lines": [91, 92], "excluded_lines": [], "start_line": 85}, "_build_user_message": {"executed_lines": [109], "summary": {"covered_lines": 1, "num_statements": 1, "percent_covered": 100.0, "percent_covered_display": "100", "missing_lines": 0, "excluded_lines": 0, "percent_statements_covered": 100.0, "percent_statements_covered_display": "100"}, "missing_lines": [], "excluded_lines": [], "start_line": 108}, "OcrExtractor.extract": {"executed_lines": [135, 137, 140, 141, 145, 148], "summary": {"covered_lines": 6, "num_statements": 10, "percent_covered": 60.0, "percent_covered_display": "60", "missing_lines": 4, "excluded_lines": 0, "percent_statements_covered": 60.0, "percent_statements_covered_display": "60"}, "missing_lines": [149, 150, 151, 152], "excluded_lines": [], "start_line": 122}, "OcrExtractor._call_haiku": {"executed_lines": [158, 159, 162, 163, 171], "summary": {"covered_lines": 5, "num_statements": 6, "percent_covered": 83.33333333333333, "percent_covered_display": "83", "missing_lines": 1, "excluded_lines": 0, "percent_statements_covered": 83.33333333333333, "percent_statements_covered_display": "83"}, "missing_lines": [160], "excluded_lines": [], "start_line": 156}, "OcrExtractor._parse_haiku_response": {"executed_lines": [182, 183, 184, 185, 186, 188, 192, 193, 194, 195, 196, 198, 201, 202, 205, 214], "summary": {"covered_lines": 16, "num_statements": 20, "percent_covered": 80.0, "percent_covered_display": "80", "missing_lines": 4, "excluded_lines": 0, "percent_statements_covered": 80.0, "percent_statements_covered_display": "80"}, "missing_lines": [189, 190, 199, 203], "excluded_lines": [], "start_line": 175}, "": {"executed_lines": [23, 25, 26, 27, 28, 30, 32, 33, 35, 41, 85, 97, 108, 119, 122, 156, 175], "summary": {"covered_lines": 17, "num_statements": 17, "percent_covered": 100.0, "percent_covered_display": "100", "missing_lines": 0, "excluded_lines": 0, "percent_statements_covered": 100.0, "percent_statements_covered_display": "100"}, "missing_lines": [], "excluded_lines": [], "start_line": 1}}, "classes": {"OcrExtractor": {"executed_lines": [135, 137, 140, 141, 145, 148, 158, 159, 162, 163, 171, 182, 183, 184, 185, 186, 188, 192, 193, 194, 195, 196, 198, 201, 202, 205, 214], "summary": {"covered_lines": 27, "num_statements": 36, "percent_covered": 75.0, "percent_covered_display": "75", "missing_lines": 9, "excluded_lines": 0, "percent_statements_covered": 75.0, "percent_statements_covered_display": "75"}, "missing_lines": [149, 150, 151, 152, 160, 189, 190, 199, 203], "excluded_lines": [], "start_line": 119}, "": {"executed_lines": [23, 25, 26, 27, 28, 30, 32, 33, 35, 41, 85, 97, 108, 109, 119, 122, 156, 175], "summary": {"covered_lines": 18, "num_statements": 39, "percent_covered": 46.15384615384615, "percent_covered_display": "46", "missing_lines": 21, "excluded_lines": 0, "percent_statements_covered": 46.15384615384615, "percent_statements_covered_display": "46"}, "missing_lines": [55, 56, 57, 58, 59, 60, 61, 62, 66, 67, 68, 69, 71, 72, 74, 75, 76, 77, 79, 91, 92], "excluded_lines": [], "start_line": 1}}}, "app/services/extraction/pdf_extractor.py": {"executed_lines": [15, 17, 18, 20, 22, 28, 35, 40, 42, 44, 50, 53, 66, 67, 69, 70, 71, 72, 73, 75, 76, 77, 79, 87, 89, 91, 92, 95, 96, 97, 101, 102, 103, 104, 105, 107, 111, 116, 119, 120, 121, 122, 124, 125, 127, 128, 129, 130, 131, 133, 135, 137, 139, 148, 152, 159, 160, 162, 163, 164, 167, 168, 170, 172, 174, 175, 176, 178, 181, 190], "summary": {"covered_lines": 70, "num_statements": 84, "percent_covered": 83.33333333333333, "percent_covered_display": "83", "missing_lines": 14, "excluded_lines": 0, "percent_statements_covered": 83.33333333333333, "percent_statements_covered_display": "83"}, "missing_lines": [43, 80, 81, 82, 83, 93, 98, 108, 123, 126, 136, 165, 171, 179], "excluded_lines": [], "functions": {"_is_header_cell": {"executed_lines": [42, 44], "summary": {"covered_lines": 2, "num_statements": 3, "percent_covered": 66.66666666666667, "percent_covered_display": "67", "missing_lines": 1, "excluded_lines": 0, "percent_statements_covered": 66.66666666666667, "percent_statements_covered_display": "67"}, "missing_lines": [43], "excluded_lines": [], "start_line": 40}, "PdfExtractor.extract": {"executed_lines": [66, 67, 69, 70, 71, 72, 73, 75, 76, 77, 79], "summary": {"covered_lines": 11, "num_statements": 15, "percent_covered": 73.33333333333333, "percent_covered_display": "73", "missing_lines": 4, "excluded_lines": 0, "percent_statements_covered": 73.33333333333333, "percent_statements_covered_display": "73"}, "missing_lines": [80, 81, 82, 83], "excluded_lines": [], "start_line": 53}, "PdfExtractor._parse_tables": {"executed_lines": [89, 91, 92, 95, 96, 97, 101, 102, 103, 104, 105, 107, 111, 116, 119, 120, 121, 122, 124, 125, 127, 128, 129, 130, 131, 133, 135, 137, 139, 148], "summary": {"covered_lines": 30, "num_statements": 36, "percent_covered": 83.33333333333333, "percent_covered_display": "83", "missing_lines": 6, "excluded_lines": 0, "percent_statements_covered": 83.33333333333333, "percent_statements_covered_display": "83"}, "missing_lines": [93, 98, 108, 123, 126, 136], "excluded_lines": [], "start_line": 87}, "PdfExtractor._parse_text": {"executed_lines": [159, 160, 162, 163, 164, 167, 168, 170, 172, 174, 175, 176, 178, 181, 190], "summary": {"covered_lines": 15, "num_statements": 18, "percent_covered": 83.33333333333333, "percent_covered_display": "83", "missing_lines": 3, "excluded_lines": 0, "percent_statements_covered": 83.33333333333333, "percent_statements_covered_display": "83"}, "missing_lines": [165, 171, 179], "excluded_lines": [], "start_line": 152}, "": {"executed_lines": [15, 17, 18, 20, 22, 28, 35, 40, 50, 53, 87, 152], "summary": {"covered_lines": 12, "num_statements": 12, "percent_covered": 100.0, "percent_covered_display": "100", "missing_lines": 0, "excluded_lines": 0, "percent_statements_covered": 100.0, "percent_statements_covered_display": "100"}, "missing_lines": [], "excluded_lines": [], "start_line": 1}}, "classes": {"PdfExtractor": {"executed_lines": [66, 67, 69, 70, 71, 72, 73, 75, 76, 77, 79, 89, 91, 92, 95, 96, 97, 101, 102, 103, 104, 105, 107, 111, 116, 119, 120, 121, 122, 124, 125, 127, 128, 129, 130, 131, 133, 135, 137, 139, 148, 159, 160, 162, 163, 164, 167, 168, 170, 172, 174, 175, 176, 178, 181, 190], "summary": {"covered_lines": 56, "num_statements": 69, "percent_covered": 81.15942028985508, "percent_covered_display": "81", "missing_lines": 13, "excluded_lines": 0, "percent_statements_covered": 81.15942028985508, "percent_statements_covered_display": "81"}, "missing_lines": [80, 81, 82, 83, 93, 98, 108, 123, 126, 136, 165, 171, 179], "excluded_lines": [], "start_line": 50}, "": {"executed_lines": [15, 17, 18, 20, 22, 28, 35, 40, 42, 44, 50, 53, 87, 152], "summary": {"covered_lines": 14, "num_statements": 15, "percent_covered": 93.33333333333333, "percent_covered_display": "93", "missing_lines": 1, "excluded_lines": 0, "percent_statements_covered": 93.33333333333333, "percent_statements_covered_display": "93"}, "missing_lines": [43], "excluded_lines": [], "start_line": 1}}}, "app/workers/__init__.py": {"executed_lines": [], "summary": {"covered_lines": 0, "num_statements": 0, "percent_covered": 100.0, "percent_covered_display": "100", "missing_lines": 0, "excluded_lines": 0, "percent_statements_covered": 100.0, "percent_statements_covered_display": "100"}, "missing_lines": [], "excluded_lines": [], "functions": {"": {"executed_lines": [], "summary": {"covered_lines": 0, "num_statements": 0, "percent_covered": 100.0, "percent_covered_display": "100", "missing_lines": 0, "excluded_lines": 0, "percent_statements_covered": 100.0, "percent_statements_covered_display": "100"}, "missing_lines": [], "excluded_lines": [], "start_line": 1}}, "classes": {"": {"executed_lines": [], "summary": {"covered_lines": 0, "num_statements": 0, "percent_covered": 100.0, "percent_covered_display": "100", "missing_lines": 0, "excluded_lines": 0, "percent_statements_covered": 100.0, "percent_statements_covered_display": "100"}, "missing_lines": [], "excluded_lines": [], "start_line": 1}}}, "app/workers/classification_tasks.py": {"executed_lines": [7, 9, 11, 12, 14, 17, 32, 33, 36, 44, 45, 47, 49, 50, 55, 56, 57, 60, 66, 67, 70, 74, 80, 82, 83, 84, 91, 92, 100, 106], "summary": {"covered_lines": 30, "num_statements": 31, "percent_covered": 96.7741935483871, "percent_covered_display": "97", "missing_lines": 1, "excluded_lines": 0, "percent_statements_covered": 96.7741935483871, "percent_statements_covered_display": "97"}, "missing_lines": [68], "excluded_lines": [], "functions": {"run_classification": {"executed_lines": [32, 33, 36, 44, 45, 47, 49, 50, 55, 56, 57, 60, 66, 67, 70, 74, 80, 82, 83, 84, 91, 92, 100, 106], "summary": {"covered_lines": 24, "num_statements": 25, "percent_covered": 96.0, "percent_covered_display": "96", "missing_lines": 1, "excluded_lines": 0, "percent_statements_covered": 96.0, "percent_statements_covered_display": "96"}, "missing_lines": [68], "excluded_lines": [], "start_line": 17}, "": {"executed_lines": [7, 9, 11, 12, 14, 17], "summary": {"covered_lines": 6, "num_statements": 6, "percent_covered": 100.0, "percent_covered_display": "100", "missing_lines": 0, "excluded_lines": 0, "percent_statements_covered": 100.0, "percent_statements_covered_display": "100"}, "missing_lines": [], "excluded_lines": [], "start_line": 1}}, "classes": {"": {"executed_lines": [7, 9, 11, 12, 14, 17, 32, 33, 36, 44, 45, 47, 49, 50, 55, 56, 57, 60, 66, 67, 70, 74, 80, 82, 83, 84, 91, 92, 100, 106], "summary": {"covered_lines": 30, "num_statements": 31, "percent_covered": 96.7741935483871, "percent_covered_display": "97", "missing_lines": 1, "excluded_lines": 0, "percent_statements_covered": 96.7741935483871, "percent_statements_covered_display": "97"}, "missing_lines": [68], "excluded_lines": [], "start_line": 1}}}, "app/workers/excel_tasks.py": {"executed_lines": [3, 5, 7, 8, 10, 13, 30, 31, 34, 41, 42, 43, 49, 50, 51, 53, 57, 62, 64, 65, 68, 71], "summary": {"covered_lines": 22, "num_statements": 22, "percent_covered": 100.0, "percent_covered_display": "100", "missing_lines": 0, "excluded_lines": 0, "percent_statements_covered": 100.0, "percent_statements_covered_display": "100"}, "missing_lines": [], "excluded_lines": [], "functions": {"run_excel_generation": {"executed_lines": [30, 31, 34, 41, 42, 43, 49, 50, 51, 53, 57, 62, 64, 65, 68, 71], "summary": {"covered_lines": 16, "num_statements": 16, "percent_covered": 100.0, "percent_covered_display": "100", "missing_lines": 0, "excluded_lines": 0, "percent_statements_covered": 100.0, "percent_statements_covered_display": "100"}, "missing_lines": [], "excluded_lines": [], "start_line": 13}, "": {"executed_lines": [3, 5, 7, 8, 10, 13], "summary": {"covered_lines": 6, "num_statements": 6, "percent_covered": 100.0, "percent_covered_display": "100", "missing_lines": 0, "excluded_lines": 0, "percent_statements_covered": 100.0, "percent_statements_covered_display": "100"}, "missing_lines": [], "excluded_lines": [], "start_line": 1}}, "classes": {"": {"executed_lines": [3, 5, 7, 8, 10, 13, 30, 31, 34, 41, 42, 43, 49, 50, 51, 53, 57, 62, 64, 65, 68, 71], "summary": {"covered_lines": 22, "num_statements": 22, "percent_covered": 100.0, "percent_covered_display": "100", "missing_lines": 0, "excluded_lines": 0, "percent_statements_covered": 100.0, "percent_statements_covered_display": "100"}, "missing_lines": [], "excluded_lines": [], "start_line": 1}}}, "app/workers/extraction_tasks.py": {"executed_lines": [7, 9, 11, 12, 14, 16, 19, 38, 39, 42, 50, 51, 53, 54, 55, 57, 59, 64, 65, 68, 69, 72, 73, 84, 85, 88, 92, 97, 103, 105, 108, 109, 115], "summary": {"covered_lines": 33, "num_statements": 35, "percent_covered": 94.28571428571429, "percent_covered_display": "94", "missing_lines": 2, "excluded_lines": 0, "percent_statements_covered": 94.28571428571429, "percent_statements_covered_display": "94"}, "missing_lines": [112, 113], "excluded_lines": [], "functions": {"run_extraction": {"executed_lines": [38, 39, 42, 50, 51, 53, 54, 55, 57, 59, 64, 65, 68, 69, 72, 73, 84, 85, 88, 92, 97, 103, 105, 108, 109, 115], "summary": {"covered_lines": 26, "num_statements": 28, "percent_covered": 92.85714285714286, "percent_covered_display": "93", "missing_lines": 2, "excluded_lines": 0, "percent_statements_covered": 92.85714285714286, "percent_statements_covered_display": "93"}, "missing_lines": [112, 113], "excluded_lines": [], "start_line": 19}, "": {"executed_lines": [7, 9, 11, 12, 14, 16, 19], "summary": {"covered_lines": 7, "num_statements": 7, "percent_covered": 100.0, "percent_covered_display": "100", "missing_lines": 0, "excluded_lines": 0, "percent_statements_covered": 100.0, "percent_statements_covered_display": "100"}, "missing_lines": [], "excluded_lines": [], "start_line": 1}}, "classes": {"": {"executed_lines": [7, 9, 11, 12, 14, 16, 19, 38, 39, 42, 50, 51, 53, 54, 55, 57, 59, 64, 65, 68, 69, 72, 73, 84, 85, 88, 92, 97, 103, 105, 108, 109, 115], "summary": {"covered_lines": 33, "num_statements": 35, "percent_covered": 94.28571428571429, "percent_covered_display": "94", "missing_lines": 2, "excluded_lines": 0, "percent_statements_covered": 94.28571428571429, "percent_statements_covered_display": "94"}, "missing_lines": [112, 113], "excluded_lines": [], "start_line": 1}}}, "app/workers/worker.py": {"executed_lines": [7, 9, 10, 11, 12, 14, 17, 27, 28, 31, 32, 33, 36, 40, 41, 42, 43, 50, 53, 56, 57, 58, 59], "summary": {"covered_lines": 23, "num_statements": 28, "percent_covered": 82.14285714285714, "percent_covered_display": "82", "missing_lines": 5, "excluded_lines": 0, "percent_statements_covered": 82.14285714285714, "percent_statements_covered_display": "82"}, "missing_lines": [37, 44, 45, 47, 48], "excluded_lines": [], "functions": {"_get_redis_settings": {"executed_lines": [27, 28, 31, 32, 33, 36, 40, 41, 42, 43, 50], "summary": {"covered_lines": 11, "num_statements": 16, "percent_covered": 68.75, "percent_covered_display": "69", "missing_lines": 5, "excluded_lines": 0, "percent_statements_covered": 68.75, "percent_statements_covered_display": "69"}, "missing_lines": [37, 44, 45, 47, 48], "excluded_lines": [], "start_line": 17}, "": {"executed_lines": [7, 9, 10, 11, 12, 14, 17, 53, 56, 57, 58, 59], "summary": {"covered_lines": 12, "num_statements": 12, "percent_covered": 100.0, "percent_covered_display": "100", "missing_lines": 0, "excluded_lines": 0, "percent_statements_covered": 100.0, "percent_statements_covered_display": "100"}, "missing_lines": [], "excluded_lines": [], "start_line": 1}}, "classes": {"WorkerSettings": {"executed_lines": [], "summary": {"covered_lines": 0, "num_statements": 0, "percent_covered": 100.0, "percent_covered_display": "100", "missing_lines": 0, "excluded_lines": 0, "percent_statements_covered": 100.0, "percent_statements_covered_display": "100"}, "missing_lines": [], "excluded_lines": [], "start_line": 53}, "": {"executed_lines": [7, 9, 10, 11, 12, 14, 17, 27, 28, 31, 32, 33, 36, 40, 41, 42, 43, 50, 53, 56, 57, 58, 59], "summary": {"covered_lines": 23, "num_statements": 28, "percent_covered": 82.14285714285714, "percent_covered_display": "82", "missing_lines": 5, "excluded_lines": 0, "percent_statements_covered": 82.14285714285714, "percent_statements_covered_display": "82"}, "missing_lines": [37, 44, 45, 47, 48], "excluded_lines": [], "start_line": 1}}}}, "totals": {"covered_lines": 1450, "num_statements": 1589, "percent_covered": 91.25235997482693, "percent_covered_display": "91", "missing_lines": 139, "excluded_lines": 0, "percent_statements_covered": 91.25235997482693, "percent_statements_covered_display": "91"}}